{"/home/me/code/Chesster/fuzzy_match.js":{"path":"/home/me/code/Chesster/fuzzy_match.js","s":{"1":1,"2":1,"3":1,"4":1,"5":1,"6":1,"7":2,"8":0,"9":2,"10":1,"11":2,"12":2,"13":2,"14":3,"15":3,"16":3,"17":3,"18":0,"19":3,"20":2,"21":1,"22":2,"23":0,"24":2,"25":2,"26":5,"27":5,"28":3,"29":2,"30":1,"31":1},"b":{"1":[0,2],"2":[3,0],"3":[0,3],"4":[0,2],"5":[3,2]},"f":{"1":2,"2":1,"3":3,"4":2,"5":5},"fnMap":{"1":{"name":"findBestMatches","line":32,"loc":{"start":{"line":32,"column":0},"end":{"line":32,"column":51}}},"2":{"name":"(anonymous_2)","line":36,"loc":{"start":{"line":36,"column":17},"end":{"line":36,"column":31}}},"3":{"name":"(anonymous_3)","line":41,"loc":{"start":{"line":41,"column":20},"end":{"line":41,"column":35}}},"4":{"name":"rank_choices","line":56,"loc":{"start":{"line":56,"column":0},"end":{"line":56,"column":62}}},"5":{"name":"(anonymous_5)","line":61,"loc":{"start":{"line":61,"column":20},"end":{"line":61,"column":35}}}},"statementMap":{"1":{"start":{"line":1,"column":0},"end":{"line":1,"column":46}},"2":{"start":{"line":3,"column":0},"end":{"line":9,"column":2}},"3":{"start":{"line":10,"column":0},"end":{"line":17,"column":2}},"4":{"start":{"line":18,"column":0},"end":{"line":25,"column":3}},"5":{"start":{"line":26,"column":0},"end":{"line":30,"column":3}},"6":{"start":{"line":32,"column":0},"end":{"line":54,"column":1}},"7":{"start":{"line":33,"column":4},"end":{"line":35,"column":5}},"8":{"start":{"line":34,"column":8},"end":{"line":34,"column":23}},"9":{"start":{"line":36,"column":4},"end":{"line":38,"column":7}},"10":{"start":{"line":37,"column":8},"end":{"line":37,"column":27}},"11":{"start":{"line":39,"column":4},"end":{"line":39,"column":21}},"12":{"start":{"line":40,"column":4},"end":{"line":40,"column":37}},"13":{"start":{"line":41,"column":4},"end":{"line":51,"column":7}},"14":{"start":{"line":42,"column":8},"end":{"line":42,"column":31}},"15":{"start":{"line":43,"column":8},"end":{"line":43,"column":28}},"16":{"start":{"line":44,"column":8},"end":{"line":50,"column":9}},"17":{"start":{"line":45,"column":12},"end":{"line":49,"column":13}},"18":{"start":{"line":46,"column":16},"end":{"line":46,"column":35}},"19":{"start":{"line":48,"column":16},"end":{"line":48,"column":36}},"20":{"start":{"line":53,"column":4},"end":{"line":53,"column":19}},"21":{"start":{"line":56,"column":0},"end":{"line":70,"column":1}},"22":{"start":{"line":57,"column":4},"end":{"line":59,"column":5}},"23":{"start":{"line":58,"column":8},"end":{"line":58,"column":61}},"24":{"start":{"line":60,"column":4},"end":{"line":60,"column":21}},"25":{"start":{"line":61,"column":4},"end":{"line":68,"column":7}},"26":{"start":{"line":62,"column":8},"end":{"line":62,"column":59}},"27":{"start":{"line":65,"column":8},"end":{"line":67,"column":9}},"28":{"start":{"line":66,"column":12},"end":{"line":66,"column":43}},"29":{"start":{"line":69,"column":4},"end":{"line":69,"column":53}},"30":{"start":{"line":72,"column":0},"end":{"line":72,"column":43}},"31":{"start":{"line":73,"column":0},"end":{"line":73,"column":49}}},"branchMap":{"1":{"line":33,"type":"if","locations":[{"start":{"line":33,"column":4},"end":{"line":33,"column":4}},{"start":{"line":33,"column":4},"end":{"line":33,"column":4}}]},"2":{"line":44,"type":"if","locations":[{"start":{"line":44,"column":8},"end":{"line":44,"column":8}},{"start":{"line":44,"column":8},"end":{"line":44,"column":8}}]},"3":{"line":45,"type":"if","locations":[{"start":{"line":45,"column":12},"end":{"line":45,"column":12}},{"start":{"line":45,"column":12},"end":{"line":45,"column":12}}]},"4":{"line":57,"type":"if","locations":[{"start":{"line":57,"column":4},"end":{"line":57,"column":4}},{"start":{"line":57,"column":4},"end":{"line":57,"column":4}}]},"5":{"line":65,"type":"if","locations":[{"start":{"line":65,"column":8},"end":{"line":65,"column":8}},{"start":{"line":65,"column":8},"end":{"line":65,"column":8}}]}}},"/home/me/code/Chesster/league.js":{"path":"/home/me/code/Chesster/league.js","s":{"1":1,"2":1,"3":1,"4":1,"5":1,"6":1,"7":1,"8":1,"9":1,"10":1,"11":1,"12":1,"13":1,"14":1,"15":312,"16":312,"17":0,"18":0,"19":0,"20":0,"21":0,"22":0,"23":0,"24":0,"25":0,"26":0,"27":0,"28":0,"29":0,"30":1,"31":1,"32":1,"33":1,"34":1,"35":1,"36":9,"37":1,"38":0,"39":0,"40":0,"41":1,"42":1,"43":99,"44":72,"45":27,"46":1,"47":26,"48":26,"49":26,"50":1,"51":156,"52":156,"53":156,"54":156,"55":26,"56":156,"57":26,"58":26,"59":26,"60":26,"61":26,"62":26,"63":26,"64":26,"65":26,"66":1,"67":1,"68":26,"69":156,"70":156,"71":156,"72":156,"73":156,"74":156,"75":0,"76":1,"77":1,"78":1,"79":1,"80":1,"81":0,"82":1,"83":1,"84":99,"85":21,"86":78,"87":0,"88":78,"89":78,"90":78,"91":78,"92":78,"93":3,"94":78,"95":1,"96":1,"97":0,"98":0,"99":0,"100":1,"101":0,"102":0,"103":0,"104":0,"105":0,"106":0,"107":0,"108":0,"109":0,"110":0,"111":0,"112":0,"113":0,"114":0,"115":0,"116":0,"117":0,"118":0,"119":0,"120":0,"121":0,"122":0,"123":0,"124":0,"125":0,"126":0,"127":0,"128":0,"129":0,"130":0,"131":0,"132":0,"133":1,"134":0,"135":0,"136":0,"137":0,"138":0,"139":0,"140":0,"141":0,"142":0,"143":0,"144":0,"145":0,"146":0,"147":0,"148":0,"149":0,"150":0,"151":0,"152":0,"153":0,"154":0,"155":0,"156":0,"157":0,"158":0,"159":0,"160":0,"161":0,"162":0,"163":0,"164":0,"165":0,"166":0,"167":0,"168":0,"169":0,"170":0,"171":0,"172":0,"173":0,"174":0,"175":0,"176":0,"177":0,"178":0,"179":0,"180":0,"181":0,"182":0,"183":0,"184":0,"185":0,"186":0,"187":0,"188":0,"189":0,"190":0,"191":0,"192":0,"193":0,"194":0,"195":0,"196":0,"197":0,"198":0,"199":0,"200":0,"201":0,"202":0,"203":0,"204":0,"205":0,"206":0,"207":0,"208":0,"209":0,"210":0,"211":0,"212":0,"213":0,"214":0,"215":0,"216":0,"217":0,"218":0,"219":0,"220":0,"221":0,"222":0,"223":0,"224":0,"225":0,"226":0,"227":0,"228":0,"229":0,"230":0,"231":0,"232":0,"233":0,"234":0,"235":0,"236":0,"237":0,"238":0,"239":0,"240":0,"241":0,"242":0,"243":0,"244":0,"245":0,"246":0,"247":0,"248":0,"249":0,"250":0,"251":0,"252":0,"253":0,"254":0,"255":0,"256":0,"257":0,"258":0,"259":0,"260":0,"261":0,"262":0,"263":0,"264":1,"265":1,"266":1,"267":1,"268":1,"269":0,"270":0,"271":0,"272":0,"273":0,"274":1,"275":1,"276":1,"277":0,"278":0,"279":0,"280":0,"281":0,"282":0,"283":0,"284":0,"285":0,"286":0,"287":0,"288":1,"289":1,"290":1},"b":{"1":[0,0],"2":[0,0],"3":[1,0],"4":[0,1],"5":[0,0],"6":[72,27],"7":[99,29,29,27,27,27,27,27,27,27,27,27,27],"8":[1,26],"9":[26,130],"10":[156,26],"11":[156,0],"12":[156,156],"13":[156,0],"14":[156,156],"15":[0,1],"16":[21,78],"17":[99,78],"18":[0,78],"19":[0,0],"20":[78,3],"21":[3,75],"22":[0,0],"23":[0,0],"24":[0,0],"25":[0,0],"26":[0,0],"27":[0,0],"28":[0,0],"29":[0,0],"30":[0,0],"31":[0,0],"32":[0,0],"33":[0,0],"34":[0,0],"35":[0,0],"36":[0,0],"37":[0,0],"38":[0,0],"39":[0,0],"40":[0,0],"41":[0,0],"42":[0,0],"43":[0,0],"44":[0,0],"45":[0,0],"46":[0,0],"47":[0,0],"48":[0,0],"49":[0,0],"50":[0,0],"51":[0,0],"52":[0,0],"53":[0,0],"54":[0,0],"55":[0,0],"56":[0,0],"57":[0,0],"58":[1,0],"59":[0,0],"60":[0,0],"61":[0,0],"62":[0,0],"63":[0,0]},"f":{"1":312,"2":0,"3":0,"4":0,"5":1,"6":9,"7":1,"8":99,"9":156,"10":26,"11":156,"12":156,"13":0,"14":1,"15":1,"16":99,"17":0,"18":0,"19":0,"20":0,"21":0,"22":0,"23":0,"24":0,"25":0,"26":0,"27":0,"28":0,"29":0,"30":0,"31":0,"32":0,"33":0,"34":0,"35":0,"36":0,"37":0,"38":0,"39":0,"40":0,"41":0,"42":0,"43":0,"44":0,"45":0,"46":0,"47":0,"48":0,"49":0,"50":0,"51":0,"52":0,"53":0,"54":0,"55":0,"56":0,"57":0,"58":0,"59":0,"60":0,"61":0,"62":0,"63":0,"64":0,"65":0,"66":0,"67":0,"68":0,"69":0,"70":0,"71":0,"72":0,"73":0,"74":1,"75":0,"76":0,"77":1,"78":0},"fnMap":{"1":{"name":"(anonymous_1)","line":75,"loc":{"start":{"line":75,"column":23},"end":{"line":75,"column":42}}},"2":{"name":"(anonymous_2)","line":83,"loc":{"start":{"line":83,"column":15},"end":{"line":83,"column":26}}},"3":{"name":"(anonymous_3)","line":85,"loc":{"start":{"line":85,"column":28},"end":{"line":85,"column":51}}},"4":{"name":"(anonymous_4)","line":94,"loc":{"start":{"line":94,"column":42},"end":{"line":94,"column":66}}},"5":{"name":"(anonymous_5)","line":108,"loc":{"start":{"line":108,"column":22},"end":{"line":108,"column":41}}},"6":{"name":"(anonymous_6)","line":124,"loc":{"start":{"line":124,"column":12},"end":{"line":124,"column":28}}},"7":{"name":"(anonymous_7)","line":127,"loc":{"start":{"line":127,"column":12},"end":{"line":127,"column":32}}},"8":{"name":"(anonymous_8)","line":136,"loc":{"start":{"line":136,"column":29},"end":{"line":136,"column":43}}},"9":{"name":"processPlayer","line":161,"loc":{"start":{"line":161,"column":20},"end":{"line":161,"column":57}}},"10":{"name":"(anonymous_10)","line":187,"loc":{"start":{"line":187,"column":36},"end":{"line":187,"column":51}}},"11":{"name":"(anonymous_11)","line":188,"loc":{"start":{"line":188,"column":40},"end":{"line":188,"column":57}}},"12":{"name":"(anonymous_12)","line":193,"loc":{"start":{"line":193,"column":76},"end":{"line":193,"column":93}}},"13":{"name":"(anonymous_13)","line":196,"loc":{"start":{"line":196,"column":31},"end":{"line":196,"column":47}}},"14":{"name":"(anonymous_14)","line":211,"loc":{"start":{"line":211,"column":36},"end":{"line":211,"column":55}}},"15":{"name":"(anonymous_15)","line":223,"loc":{"start":{"line":223,"column":12},"end":{"line":223,"column":32}}},"16":{"name":"(anonymous_16)","line":226,"loc":{"start":{"line":226,"column":29},"end":{"line":226,"column":43}}},"17":{"name":"(anonymous_17)","line":261,"loc":{"start":{"line":261,"column":19},"end":{"line":261,"column":42}}},"18":{"name":"filter","line":266,"loc":{"start":{"line":266,"column":8},"end":{"line":266,"column":36}}},"19":{"name":"(anonymous_19)","line":268,"loc":{"start":{"line":268,"column":56},"end":{"line":268,"column":71}}},"20":{"name":"(anonymous_20)","line":283,"loc":{"start":{"line":283,"column":19},"end":{"line":283,"column":34}}},"21":{"name":"(anonymous_21)","line":285,"loc":{"start":{"line":285,"column":47},"end":{"line":285,"column":67}}},"22":{"name":"(anonymous_22)","line":292,"loc":{"start":{"line":292,"column":27},"end":{"line":292,"column":38}}},"23":{"name":"(anonymous_23)","line":295,"loc":{"start":{"line":295,"column":23},"end":{"line":295,"column":34}}},"24":{"name":"(anonymous_24)","line":307,"loc":{"start":{"line":307,"column":25},"end":{"line":307,"column":48}}},"25":{"name":"(anonymous_25)","line":309,"loc":{"start":{"line":309,"column":23},"end":{"line":309,"column":34}}},"26":{"name":"(anonymous_26)","line":327,"loc":{"start":{"line":327,"column":16},"end":{"line":327,"column":34}}},"27":{"name":"(anonymous_27)","line":330,"loc":{"start":{"line":330,"column":63},"end":{"line":330,"column":80}}},"28":{"name":"(anonymous_28)","line":333,"loc":{"start":{"line":333,"column":19},"end":{"line":333,"column":35}}},"29":{"name":"(anonymous_29)","line":346,"loc":{"start":{"line":346,"column":29},"end":{"line":346,"column":65}}},"30":{"name":"getRatingString","line":347,"loc":{"start":{"line":347,"column":8},"end":{"line":347,"column":40}}},"31":{"name":"(anonymous_31)","line":351,"loc":{"start":{"line":351,"column":23},"end":{"line":351,"column":34}}},"32":{"name":"(anonymous_32)","line":389,"loc":{"start":{"line":389,"column":39},"end":{"line":389,"column":50}}},"33":{"name":"(anonymous_33)","line":391,"loc":{"start":{"line":391,"column":23},"end":{"line":391,"column":34}}},"34":{"name":"(anonymous_34)","line":404,"loc":{"start":{"line":404,"column":34},"end":{"line":404,"column":45}}},"35":{"name":"(anonymous_35)","line":406,"loc":{"start":{"line":406,"column":23},"end":{"line":406,"column":34}}},"36":{"name":"(anonymous_36)","line":421,"loc":{"start":{"line":421,"column":31},"end":{"line":421,"column":42}}},"37":{"name":"(anonymous_37)","line":423,"loc":{"start":{"line":423,"column":23},"end":{"line":423,"column":34}}},"38":{"name":"(anonymous_38)","line":437,"loc":{"start":{"line":437,"column":34},"end":{"line":437,"column":45}}},"39":{"name":"(anonymous_39)","line":439,"loc":{"start":{"line":439,"column":23},"end":{"line":439,"column":34}}},"40":{"name":"(anonymous_40)","line":452,"loc":{"start":{"line":452,"column":34},"end":{"line":452,"column":45}}},"41":{"name":"(anonymous_41)","line":454,"loc":{"start":{"line":454,"column":23},"end":{"line":454,"column":34}}},"42":{"name":"(anonymous_42)","line":467,"loc":{"start":{"line":467,"column":18},"end":{"line":467,"column":29}}},"43":{"name":"(anonymous_43)","line":469,"loc":{"start":{"line":469,"column":23},"end":{"line":469,"column":34}}},"44":{"name":"(anonymous_44)","line":471,"loc":{"start":{"line":471,"column":32},"end":{"line":471,"column":47}}},"45":{"name":"(anonymous_45)","line":480,"loc":{"start":{"line":480,"column":15},"end":{"line":480,"column":26}}},"46":{"name":"(anonymous_46)","line":482,"loc":{"start":{"line":482,"column":23},"end":{"line":482,"column":34}}},"47":{"name":"(anonymous_47)","line":489,"loc":{"start":{"line":489,"column":15},"end":{"line":489,"column":37}}},"48":{"name":"(anonymous_48)","line":491,"loc":{"start":{"line":491,"column":23},"end":{"line":491,"column":34}}},"49":{"name":"(anonymous_49)","line":493,"loc":{"start":{"line":493,"column":32},"end":{"line":493,"column":47}}},"50":{"name":"(anonymous_50)","line":504,"loc":{"start":{"line":504,"column":29},"end":{"line":504,"column":51}}},"51":{"name":"(anonymous_51)","line":506,"loc":{"start":{"line":506,"column":23},"end":{"line":506,"column":34}}},"52":{"name":"(anonymous_52)","line":514,"loc":{"start":{"line":514,"column":32},"end":{"line":514,"column":60}}},"53":{"name":"(anonymous_53)","line":529,"loc":{"start":{"line":529,"column":32},"end":{"line":529,"column":51}}},"54":{"name":"(anonymous_54)","line":531,"loc":{"start":{"line":531,"column":23},"end":{"line":531,"column":34}}},"55":{"name":"(anonymous_55)","line":537,"loc":{"start":{"line":537,"column":42},"end":{"line":537,"column":54}}},"56":{"name":"(anonymous_56)","line":557,"loc":{"start":{"line":557,"column":26},"end":{"line":557,"column":45}}},"57":{"name":"(anonymous_57)","line":559,"loc":{"start":{"line":559,"column":23},"end":{"line":559,"column":34}}},"58":{"name":"(anonymous_58)","line":567,"loc":{"start":{"line":567,"column":32},"end":{"line":567,"column":60}}},"59":{"name":"(anonymous_59)","line":576,"loc":{"start":{"line":576,"column":27},"end":{"line":576,"column":49}}},"60":{"name":"(anonymous_60)","line":578,"loc":{"start":{"line":578,"column":23},"end":{"line":578,"column":34}}},"61":{"name":"(anonymous_61)","line":584,"loc":{"start":{"line":584,"column":51},"end":{"line":584,"column":69}}},"62":{"name":"(anonymous_62)","line":586,"loc":{"start":{"line":586,"column":29},"end":{"line":586,"column":45}}},"63":{"name":"(anonymous_63)","line":589,"loc":{"start":{"line":589,"column":32},"end":{"line":589,"column":62}}},"64":{"name":"(anonymous_64)","line":599,"loc":{"start":{"line":599,"column":33},"end":{"line":599,"column":52}}},"65":{"name":"(anonymous_65)","line":601,"loc":{"start":{"line":601,"column":23},"end":{"line":601,"column":34}}},"66":{"name":"(anonymous_66)","line":607,"loc":{"start":{"line":607,"column":42},"end":{"line":607,"column":54}}},"67":{"name":"(anonymous_67)","line":618,"loc":{"start":{"line":618,"column":32},"end":{"line":618,"column":62}}},"68":{"name":"(anonymous_68)","line":627,"loc":{"start":{"line":627,"column":26},"end":{"line":627,"column":37}}},"69":{"name":"(anonymous_69)","line":629,"loc":{"start":{"line":629,"column":52},"end":{"line":629,"column":67}}},"70":{"name":"(anonymous_70)","line":632,"loc":{"start":{"line":632,"column":23},"end":{"line":632,"column":34}}},"71":{"name":"(anonymous_71)","line":639,"loc":{"start":{"line":639,"column":32},"end":{"line":639,"column":43}}},"72":{"name":"(anonymous_72)","line":641,"loc":{"start":{"line":641,"column":52},"end":{"line":641,"column":67}}},"73":{"name":"(anonymous_73)","line":644,"loc":{"start":{"line":644,"column":23},"end":{"line":644,"column":34}}},"74":{"name":"League","line":650,"loc":{"start":{"line":650,"column":0},"end":{"line":650,"column":25}}},"75":{"name":"getAllLeagues","line":656,"loc":{"start":{"line":656,"column":0},"end":{"line":656,"column":31}}},"76":{"name":"(anonymous_76)","line":659,"loc":{"start":{"line":659,"column":39},"end":{"line":659,"column":53}}},"77":{"name":"(anonymous_77)","line":665,"loc":{"start":{"line":665,"column":17},"end":{"line":665,"column":28}}},"78":{"name":"(anonymous_78)","line":667,"loc":{"start":{"line":667,"column":11},"end":{"line":667,"column":42}}}},"statementMap":{"1":{"start":{"line":5,"column":0},"end":{"line":5,"column":30}},"2":{"start":{"line":6,"column":0},"end":{"line":6,"column":21}},"3":{"start":{"line":7,"column":0},"end":{"line":7,"column":31}},"4":{"start":{"line":8,"column":0},"end":{"line":8,"column":37}},"5":{"start":{"line":9,"column":0},"end":{"line":9,"column":31}},"6":{"start":{"line":11,"column":0},"end":{"line":11,"column":33}},"7":{"start":{"line":13,"column":0},"end":{"line":13,"column":19}},"8":{"start":{"line":14,"column":0},"end":{"line":14,"column":32}},"9":{"start":{"line":15,"column":0},"end":{"line":15,"column":27}},"10":{"start":{"line":16,"column":0},"end":{"line":16,"column":25}},"11":{"start":{"line":18,"column":0},"end":{"line":18,"column":45}},"12":{"start":{"line":19,"column":0},"end":{"line":19,"column":35}},"13":{"start":{"line":20,"column":0},"end":{"line":40,"column":2}},"14":{"start":{"line":43,"column":0},"end":{"line":648,"column":2}},"15":{"start":{"line":76,"column":8},"end":{"line":76,"column":42}},"16":{"start":{"line":77,"column":8},"end":{"line":77,"column":41}},"17":{"start":{"line":84,"column":8},"end":{"line":84,"column":24}},"18":{"start":{"line":85,"column":8},"end":{"line":93,"column":11}},"19":{"start":{"line":86,"column":12},"end":{"line":91,"column":13}},"20":{"start":{"line":87,"column":16},"end":{"line":87,"column":67}},"21":{"start":{"line":88,"column":16},"end":{"line":88,"column":37}},"22":{"start":{"line":90,"column":16},"end":{"line":90,"column":91}},"23":{"start":{"line":92,"column":12},"end":{"line":92,"column":45}},"24":{"start":{"line":94,"column":8},"end":{"line":102,"column":11}},"25":{"start":{"line":95,"column":12},"end":{"line":100,"column":13}},"26":{"start":{"line":96,"column":16},"end":{"line":96,"column":68}},"27":{"start":{"line":97,"column":16},"end":{"line":97,"column":37}},"28":{"start":{"line":99,"column":16},"end":{"line":99,"column":95}},"29":{"start":{"line":101,"column":12},"end":{"line":101,"column":45}},"30":{"start":{"line":109,"column":8},"end":{"line":115,"column":9}},"31":{"start":{"line":116,"column":8},"end":{"line":116,"column":24}},"32":{"start":{"line":117,"column":8},"end":{"line":117,"column":56}},"33":{"start":{"line":118,"column":8},"end":{"line":120,"column":9}},"34":{"start":{"line":119,"column":12},"end":{"line":119,"column":44}},"35":{"start":{"line":121,"column":8},"end":{"line":205,"column":10}},"36":{"start":{"line":125,"column":16},"end":{"line":125,"column":74}},"37":{"start":{"line":128,"column":16},"end":{"line":134,"column":17}},"38":{"start":{"line":129,"column":20},"end":{"line":133,"column":21}},"39":{"start":{"line":130,"column":24},"end":{"line":130,"column":51}},"40":{"start":{"line":132,"column":24},"end":{"line":132,"column":55}},"41":{"start":{"line":135,"column":16},"end":{"line":135,"column":34}},"42":{"start":{"line":136,"column":16},"end":{"line":185,"column":19}},"43":{"start":{"line":137,"column":20},"end":{"line":153,"column":21}},"44":{"start":{"line":152,"column":24},"end":{"line":152,"column":31}},"45":{"start":{"line":154,"column":20},"end":{"line":157,"column":21}},"46":{"start":{"line":156,"column":24},"end":{"line":156,"column":31}},"47":{"start":{"line":158,"column":20},"end":{"line":158,"column":60}},"48":{"start":{"line":159,"column":20},"end":{"line":159,"column":36}},"49":{"start":{"line":160,"column":20},"end":{"line":160,"column":39}},"50":{"start":{"line":161,"column":20},"end":{"line":173,"column":21}},"51":{"start":{"line":162,"column":24},"end":{"line":162,"column":42}},"52":{"start":{"line":163,"column":24},"end":{"line":163,"column":46}},"53":{"start":{"line":164,"column":24},"end":{"line":168,"column":26}},"54":{"start":{"line":169,"column":24},"end":{"line":171,"column":25}},"55":{"start":{"line":170,"column":28},"end":{"line":170,"column":45}},"56":{"start":{"line":172,"column":24},"end":{"line":172,"column":38}},"57":{"start":{"line":174,"column":20},"end":{"line":174,"column":80}},"58":{"start":{"line":175,"column":20},"end":{"line":175,"column":80}},"59":{"start":{"line":176,"column":20},"end":{"line":176,"column":80}},"60":{"start":{"line":177,"column":20},"end":{"line":177,"column":80}},"61":{"start":{"line":178,"column":20},"end":{"line":178,"column":80}},"62":{"start":{"line":179,"column":20},"end":{"line":179,"column":80}},"63":{"start":{"line":181,"column":20},"end":{"line":181,"column":46}},"64":{"start":{"line":182,"column":20},"end":{"line":182,"column":44}},"65":{"start":{"line":184,"column":20},"end":{"line":184,"column":40}},"66":{"start":{"line":186,"column":16},"end":{"line":186,"column":39}},"67":{"start":{"line":187,"column":16},"end":{"line":201,"column":19}},"68":{"start":{"line":188,"column":20},"end":{"line":200,"column":23}},"69":{"start":{"line":189,"column":24},"end":{"line":199,"column":25}},"70":{"start":{"line":190,"column":28},"end":{"line":192,"column":29}},"71":{"start":{"line":191,"column":32},"end":{"line":191,"column":84}},"72":{"start":{"line":193,"column":28},"end":{"line":198,"column":31}},"73":{"start":{"line":194,"column":32},"end":{"line":194,"column":55}},"74":{"start":{"line":195,"column":32},"end":{"line":195,"column":91}},"75":{"start":{"line":197,"column":32},"end":{"line":197,"column":97}},"76":{"start":{"line":203,"column":16},"end":{"line":203,"column":49}},"77":{"start":{"line":212,"column":8},"end":{"line":218,"column":9}},"78":{"start":{"line":219,"column":8},"end":{"line":219,"column":24}},"79":{"start":{"line":220,"column":8},"end":{"line":254,"column":10}},"80":{"start":{"line":224,"column":16},"end":{"line":224,"column":61}},"81":{"start":{"line":224,"column":27},"end":{"line":224,"column":59}},"82":{"start":{"line":225,"column":16},"end":{"line":225,"column":38}},"83":{"start":{"line":226,"column":16},"end":{"line":250,"column":19}},"84":{"start":{"line":227,"column":20},"end":{"line":227,"column":79}},"85":{"start":{"line":227,"column":70},"end":{"line":227,"column":77}},"86":{"start":{"line":228,"column":20},"end":{"line":232,"column":21}},"87":{"start":{"line":229,"column":24},"end":{"line":229,"column":92}},"88":{"start":{"line":231,"column":24},"end":{"line":231,"column":65}},"89":{"start":{"line":233,"column":20},"end":{"line":233,"column":96}},"90":{"start":{"line":234,"column":20},"end":{"line":234,"column":52}},"91":{"start":{"line":235,"column":20},"end":{"line":239,"column":22}},"92":{"start":{"line":240,"column":20},"end":{"line":242,"column":21}},"93":{"start":{"line":241,"column":24},"end":{"line":241,"column":41}},"94":{"start":{"line":243,"column":20},"end":{"line":249,"column":23}},"95":{"start":{"line":251,"column":16},"end":{"line":251,"column":46}},"96":{"start":{"line":252,"column":16},"end":{"line":252,"column":52}},"97":{"start":{"line":262,"column":8},"end":{"line":264,"column":9}},"98":{"start":{"line":263,"column":12},"end":{"line":263,"column":75}},"99":{"start":{"line":265,"column":8},"end":{"line":265,"column":43}},"100":{"start":{"line":266,"column":8},"end":{"line":275,"column":9}},"101":{"start":{"line":267,"column":12},"end":{"line":274,"column":13}},"102":{"start":{"line":268,"column":16},"end":{"line":273,"column":19}},"103":{"start":{"line":269,"column":20},"end":{"line":272,"column":22}},"104":{"start":{"line":276,"column":8},"end":{"line":276,"column":22}},"105":{"start":{"line":277,"column":8},"end":{"line":277,"column":22}},"106":{"start":{"line":278,"column":8},"end":{"line":278,"column":29}},"107":{"start":{"line":284,"column":8},"end":{"line":284,"column":24}},"108":{"start":{"line":285,"column":8},"end":{"line":287,"column":11}},"109":{"start":{"line":286,"column":12},"end":{"line":286,"column":37}},"110":{"start":{"line":293,"column":8},"end":{"line":293,"column":24}},"111":{"start":{"line":295,"column":8},"end":{"line":302,"column":11}},"112":{"start":{"line":296,"column":12},"end":{"line":301,"column":14}},"113":{"start":{"line":308,"column":8},"end":{"line":308,"column":24}},"114":{"start":{"line":309,"column":8},"end":{"line":341,"column":11}},"115":{"start":{"line":310,"column":12},"end":{"line":310,"column":63}},"116":{"start":{"line":311,"column":12},"end":{"line":313,"column":13}},"117":{"start":{"line":312,"column":16},"end":{"line":312,"column":26}},"118":{"start":{"line":315,"column":12},"end":{"line":315,"column":34}},"119":{"start":{"line":316,"column":12},"end":{"line":321,"column":13}},"120":{"start":{"line":322,"column":12},"end":{"line":325,"column":13}},"121":{"start":{"line":323,"column":16},"end":{"line":323,"column":40}},"122":{"start":{"line":324,"column":16},"end":{"line":324,"column":49}},"123":{"start":{"line":326,"column":12},"end":{"line":326,"column":27}},"124":{"start":{"line":328,"column":12},"end":{"line":328,"column":37}},"125":{"start":{"line":329,"column":12},"end":{"line":339,"column":13}},"126":{"start":{"line":330,"column":16},"end":{"line":336,"column":19}},"127":{"start":{"line":331,"column":20},"end":{"line":331,"column":47}},"128":{"start":{"line":332,"column":20},"end":{"line":332,"column":46}},"129":{"start":{"line":334,"column":20},"end":{"line":334,"column":57}},"130":{"start":{"line":335,"column":20},"end":{"line":335,"column":46}},"131":{"start":{"line":338,"column":16},"end":{"line":338,"column":37}},"132":{"start":{"line":340,"column":12},"end":{"line":340,"column":36}},"133":{"start":{"line":347,"column":8},"end":{"line":349,"column":9}},"134":{"start":{"line":348,"column":12},"end":{"line":348,"column":57}},"135":{"start":{"line":350,"column":8},"end":{"line":350,"column":24}},"136":{"start":{"line":351,"column":8},"end":{"line":384,"column":11}},"137":{"start":{"line":352,"column":12},"end":{"line":352,"column":26}},"138":{"start":{"line":353,"column":12},"end":{"line":355,"column":13}},"139":{"start":{"line":354,"column":15},"end":{"line":354,"column":68}},"140":{"start":{"line":356,"column":12},"end":{"line":356,"column":37}},"141":{"start":{"line":357,"column":12},"end":{"line":357,"column":35}},"142":{"start":{"line":359,"column":12},"end":{"line":374,"column":13}},"143":{"start":{"line":360,"column":16},"end":{"line":360,"column":47}},"144":{"start":{"line":361,"column":16},"end":{"line":361,"column":63}},"145":{"start":{"line":362,"column":19},"end":{"line":374,"column":13}},"146":{"start":{"line":364,"column":16},"end":{"line":364,"column":44}},"147":{"start":{"line":365,"column":16},"end":{"line":367,"column":19}},"148":{"start":{"line":369,"column":16},"end":{"line":369,"column":47}},"149":{"start":{"line":370,"column":16},"end":{"line":373,"column":18}},"150":{"start":{"line":377,"column":12},"end":{"line":383,"column":15}},"151":{"start":{"line":390,"column":8},"end":{"line":390,"column":24}},"152":{"start":{"line":391,"column":8},"end":{"line":399,"column":11}},"153":{"start":{"line":392,"column":12},"end":{"line":398,"column":13}},"154":{"start":{"line":393,"column":16},"end":{"line":393,"column":92}},"155":{"start":{"line":395,"column":16},"end":{"line":397,"column":19}},"156":{"start":{"line":405,"column":8},"end":{"line":405,"column":24}},"157":{"start":{"line":406,"column":8},"end":{"line":416,"column":11}},"158":{"start":{"line":407,"column":12},"end":{"line":415,"column":13}},"159":{"start":{"line":408,"column":16},"end":{"line":410,"column":82}},"160":{"start":{"line":412,"column":16},"end":{"line":414,"column":19}},"161":{"start":{"line":422,"column":8},"end":{"line":422,"column":24}},"162":{"start":{"line":423,"column":8},"end":{"line":432,"column":11}},"163":{"start":{"line":424,"column":12},"end":{"line":431,"column":13}},"164":{"start":{"line":425,"column":16},"end":{"line":426,"column":45}},"165":{"start":{"line":428,"column":16},"end":{"line":430,"column":19}},"166":{"start":{"line":438,"column":8},"end":{"line":438,"column":24}},"167":{"start":{"line":439,"column":8},"end":{"line":447,"column":11}},"168":{"start":{"line":440,"column":12},"end":{"line":446,"column":13}},"169":{"start":{"line":441,"column":16},"end":{"line":441,"column":91}},"170":{"start":{"line":443,"column":16},"end":{"line":445,"column":19}},"171":{"start":{"line":453,"column":8},"end":{"line":453,"column":24}},"172":{"start":{"line":454,"column":8},"end":{"line":462,"column":11}},"173":{"start":{"line":455,"column":12},"end":{"line":461,"column":13}},"174":{"start":{"line":456,"column":16},"end":{"line":456,"column":83}},"175":{"start":{"line":458,"column":16},"end":{"line":460,"column":19}},"176":{"start":{"line":468,"column":8},"end":{"line":468,"column":24}},"177":{"start":{"line":469,"column":8},"end":{"line":475,"column":11}},"178":{"start":{"line":470,"column":12},"end":{"line":470,"column":30}},"179":{"start":{"line":471,"column":12},"end":{"line":473,"column":15}},"180":{"start":{"line":472,"column":16},"end":{"line":472,"column":44}},"181":{"start":{"line":474,"column":12},"end":{"line":474,"column":28}},"182":{"start":{"line":481,"column":8},"end":{"line":481,"column":24}},"183":{"start":{"line":482,"column":8},"end":{"line":484,"column":11}},"184":{"start":{"line":483,"column":12},"end":{"line":483,"column":31}},"185":{"start":{"line":490,"column":8},"end":{"line":490,"column":24}},"186":{"start":{"line":491,"column":8},"end":{"line":499,"column":11}},"187":{"start":{"line":492,"column":12},"end":{"line":492,"column":29}},"188":{"start":{"line":493,"column":12},"end":{"line":497,"column":15}},"189":{"start":{"line":494,"column":16},"end":{"line":496,"column":17}},"190":{"start":{"line":495,"column":20},"end":{"line":495,"column":61}},"191":{"start":{"line":498,"column":12},"end":{"line":498,"column":27}},"192":{"start":{"line":505,"column":8},"end":{"line":505,"column":24}},"193":{"start":{"line":506,"column":8},"end":{"line":524,"column":11}},"194":{"start":{"line":507,"column":12},"end":{"line":511,"column":13}},"195":{"start":{"line":508,"column":16},"end":{"line":510,"column":19}},"196":{"start":{"line":512,"column":12},"end":{"line":512,"column":45}},"197":{"start":{"line":513,"column":12},"end":{"line":513,"column":30}},"198":{"start":{"line":514,"column":12},"end":{"line":522,"column":15}},"199":{"start":{"line":515,"column":16},"end":{"line":515,"column":43}},"200":{"start":{"line":516,"column":16},"end":{"line":520,"column":17}},"201":{"start":{"line":517,"column":20},"end":{"line":517,"column":43}},"202":{"start":{"line":519,"column":20},"end":{"line":519,"column":41}},"203":{"start":{"line":521,"column":16},"end":{"line":521,"column":92}},"204":{"start":{"line":523,"column":12},"end":{"line":523,"column":27}},"205":{"start":{"line":530,"column":8},"end":{"line":530,"column":24}},"206":{"start":{"line":531,"column":8},"end":{"line":552,"column":11}},"207":{"start":{"line":532,"column":12},"end":{"line":536,"column":13}},"208":{"start":{"line":533,"column":16},"end":{"line":535,"column":19}},"209":{"start":{"line":537,"column":12},"end":{"line":539,"column":15}},"210":{"start":{"line":538,"column":16},"end":{"line":538,"column":69}},"211":{"start":{"line":540,"column":12},"end":{"line":542,"column":13}},"212":{"start":{"line":541,"column":16},"end":{"line":541,"column":46}},"213":{"start":{"line":543,"column":12},"end":{"line":545,"column":13}},"214":{"start":{"line":544,"column":16},"end":{"line":544,"column":53}},"215":{"start":{"line":546,"column":12},"end":{"line":546,"column":28}},"216":{"start":{"line":547,"column":12},"end":{"line":551,"column":13}},"217":{"start":{"line":548,"column":16},"end":{"line":548,"column":78}},"218":{"start":{"line":550,"column":16},"end":{"line":550,"column":70}},"219":{"start":{"line":558,"column":8},"end":{"line":558,"column":24}},"220":{"start":{"line":559,"column":8},"end":{"line":571,"column":11}},"221":{"start":{"line":560,"column":12},"end":{"line":564,"column":13}},"222":{"start":{"line":561,"column":16},"end":{"line":563,"column":19}},"223":{"start":{"line":565,"column":12},"end":{"line":565,"column":95}},"224":{"start":{"line":566,"column":12},"end":{"line":566,"column":30}},"225":{"start":{"line":567,"column":12},"end":{"line":569,"column":15}},"226":{"start":{"line":568,"column":16},"end":{"line":568,"column":74}},"227":{"start":{"line":570,"column":12},"end":{"line":570,"column":27}},"228":{"start":{"line":577,"column":8},"end":{"line":577,"column":24}},"229":{"start":{"line":578,"column":8},"end":{"line":594,"column":11}},"230":{"start":{"line":579,"column":12},"end":{"line":583,"column":13}},"231":{"start":{"line":580,"column":16},"end":{"line":582,"column":19}},"232":{"start":{"line":584,"column":12},"end":{"line":593,"column":15}},"233":{"start":{"line":585,"column":16},"end":{"line":585,"column":76}},"234":{"start":{"line":586,"column":16},"end":{"line":588,"column":19}},"235":{"start":{"line":587,"column":20},"end":{"line":587,"column":86}},"236":{"start":{"line":589,"column":16},"end":{"line":591,"column":19}},"237":{"start":{"line":590,"column":20},"end":{"line":590,"column":122}},"238":{"start":{"line":592,"column":16},"end":{"line":592,"column":31}},"239":{"start":{"line":600,"column":8},"end":{"line":600,"column":24}},"240":{"start":{"line":601,"column":8},"end":{"line":622,"column":11}},"241":{"start":{"line":602,"column":12},"end":{"line":606,"column":13}},"242":{"start":{"line":603,"column":16},"end":{"line":605,"column":19}},"243":{"start":{"line":607,"column":12},"end":{"line":609,"column":15}},"244":{"start":{"line":608,"column":16},"end":{"line":608,"column":69}},"245":{"start":{"line":610,"column":12},"end":{"line":612,"column":13}},"246":{"start":{"line":611,"column":16},"end":{"line":611,"column":46}},"247":{"start":{"line":613,"column":12},"end":{"line":615,"column":13}},"248":{"start":{"line":614,"column":16},"end":{"line":614,"column":53}},"249":{"start":{"line":616,"column":12},"end":{"line":616,"column":28}},"250":{"start":{"line":617,"column":12},"end":{"line":617,"column":68}},"251":{"start":{"line":618,"column":12},"end":{"line":620,"column":15}},"252":{"start":{"line":619,"column":16},"end":{"line":619,"column":102}},"253":{"start":{"line":621,"column":12},"end":{"line":621,"column":27}},"254":{"start":{"line":628,"column":8},"end":{"line":628,"column":24}},"255":{"start":{"line":629,"column":8},"end":{"line":631,"column":11}},"256":{"start":{"line":630,"column":12},"end":{"line":630,"column":54}},"257":{"start":{"line":632,"column":8},"end":{"line":634,"column":11}},"258":{"start":{"line":633,"column":12},"end":{"line":633,"column":84}},"259":{"start":{"line":640,"column":8},"end":{"line":640,"column":24}},"260":{"start":{"line":641,"column":8},"end":{"line":643,"column":11}},"261":{"start":{"line":642,"column":12},"end":{"line":642,"column":49}},"262":{"start":{"line":644,"column":8},"end":{"line":646,"column":11}},"263":{"start":{"line":645,"column":12},"end":{"line":645,"column":84}},"264":{"start":{"line":650,"column":0},"end":{"line":654,"column":1}},"265":{"start":{"line":651,"column":4},"end":{"line":651,"column":22}},"266":{"start":{"line":652,"column":4},"end":{"line":652,"column":59}},"267":{"start":{"line":653,"column":4},"end":{"line":653,"column":38}},"268":{"start":{"line":656,"column":0},"end":{"line":663,"column":1}},"269":{"start":{"line":657,"column":4},"end":{"line":657,"column":21}},"270":{"start":{"line":658,"column":4},"end":{"line":658,"column":53}},"271":{"start":{"line":659,"column":4},"end":{"line":661,"column":7}},"272":{"start":{"line":660,"column":8},"end":{"line":660,"column":45}},"273":{"start":{"line":662,"column":4},"end":{"line":662,"column":19}},"274":{"start":{"line":665,"column":0},"end":{"line":685,"column":5}},"275":{"start":{"line":666,"column":4},"end":{"line":666,"column":27}},"276":{"start":{"line":667,"column":4},"end":{"line":684,"column":5}},"277":{"start":{"line":669,"column":8},"end":{"line":682,"column":9}},"278":{"start":{"line":671,"column":12},"end":{"line":671,"column":61}},"279":{"start":{"line":672,"column":12},"end":{"line":672,"column":82}},"280":{"start":{"line":673,"column":12},"end":{"line":681,"column":13}},"281":{"start":{"line":674,"column":16},"end":{"line":674,"column":70}},"282":{"start":{"line":675,"column":16},"end":{"line":675,"column":65}},"283":{"start":{"line":676,"column":16},"end":{"line":676,"column":54}},"284":{"start":{"line":677,"column":16},"end":{"line":677,"column":56}},"285":{"start":{"line":678,"column":16},"end":{"line":678,"column":52}},"286":{"start":{"line":680,"column":16},"end":{"line":680,"column":33}},"287":{"start":{"line":683,"column":8},"end":{"line":683,"column":42}},"288":{"start":{"line":687,"column":0},"end":{"line":687,"column":31}},"289":{"start":{"line":688,"column":0},"end":{"line":688,"column":37}},"290":{"start":{"line":689,"column":0},"end":{"line":689,"column":45}}},"branchMap":{"1":{"line":86,"type":"if","locations":[{"start":{"line":86,"column":12},"end":{"line":86,"column":12}},{"start":{"line":86,"column":12},"end":{"line":86,"column":12}}]},"2":{"line":95,"type":"if","locations":[{"start":{"line":95,"column":12},"end":{"line":95,"column":12}},{"start":{"line":95,"column":12},"end":{"line":95,"column":12}}]},"3":{"line":118,"type":"if","locations":[{"start":{"line":118,"column":8},"end":{"line":118,"column":8}},{"start":{"line":118,"column":8},"end":{"line":118,"column":8}}]},"4":{"line":128,"type":"if","locations":[{"start":{"line":128,"column":16},"end":{"line":128,"column":16}},{"start":{"line":128,"column":16},"end":{"line":128,"column":16}}]},"5":{"line":129,"type":"if","locations":[{"start":{"line":129,"column":20},"end":{"line":129,"column":20}},{"start":{"line":129,"column":20},"end":{"line":129,"column":20}}]},"6":{"line":137,"type":"if","locations":[{"start":{"line":137,"column":20},"end":{"line":137,"column":20}},{"start":{"line":137,"column":20},"end":{"line":137,"column":20}}]},"7":{"line":138,"type":"binary-expr","locations":[{"start":{"line":138,"column":24},"end":{"line":138,"column":43}},{"start":{"line":139,"column":24},"end":{"line":139,"column":45}},{"start":{"line":140,"column":24},"end":{"line":140,"column":46}},{"start":{"line":141,"column":24},"end":{"line":141,"column":45}},{"start":{"line":142,"column":24},"end":{"line":142,"column":46}},{"start":{"line":143,"column":24},"end":{"line":143,"column":45}},{"start":{"line":144,"column":24},"end":{"line":144,"column":46}},{"start":{"line":145,"column":24},"end":{"line":145,"column":45}},{"start":{"line":146,"column":24},"end":{"line":146,"column":46}},{"start":{"line":147,"column":24},"end":{"line":147,"column":45}},{"start":{"line":148,"column":24},"end":{"line":148,"column":46}},{"start":{"line":149,"column":24},"end":{"line":149,"column":45}},{"start":{"line":150,"column":24},"end":{"line":150,"column":46}}]},"8":{"line":154,"type":"if","locations":[{"start":{"line":154,"column":20},"end":{"line":154,"column":20}},{"start":{"line":154,"column":20},"end":{"line":154,"column":20}}]},"9":{"line":169,"type":"if","locations":[{"start":{"line":169,"column":24},"end":{"line":169,"column":24}},{"start":{"line":169,"column":24},"end":{"line":169,"column":24}}]},"10":{"line":169,"type":"binary-expr","locations":[{"start":{"line":169,"column":28},"end":{"line":169,"column":50}},{"start":{"line":169,"column":54},"end":{"line":169,"column":80}}]},"11":{"line":189,"type":"if","locations":[{"start":{"line":189,"column":24},"end":{"line":189,"column":24}},{"start":{"line":189,"column":24},"end":{"line":189,"column":24}}]},"12":{"line":189,"type":"binary-expr","locations":[{"start":{"line":189,"column":28},"end":{"line":189,"column":34}},{"start":{"line":189,"column":38},"end":{"line":189,"column":49}}]},"13":{"line":190,"type":"if","locations":[{"start":{"line":190,"column":28},"end":{"line":190,"column":28}},{"start":{"line":190,"column":28},"end":{"line":190,"column":28}}]},"14":{"line":190,"type":"binary-expr","locations":[{"start":{"line":190,"column":32},"end":{"line":190,"column":49}},{"start":{"line":190,"column":53},"end":{"line":190,"column":66}}]},"15":{"line":224,"type":"if","locations":[{"start":{"line":224,"column":16},"end":{"line":224,"column":16}},{"start":{"line":224,"column":16},"end":{"line":224,"column":16}}]},"16":{"line":227,"type":"if","locations":[{"start":{"line":227,"column":20},"end":{"line":227,"column":20}},{"start":{"line":227,"column":20},"end":{"line":227,"column":20}}]},"17":{"line":227,"type":"binary-expr","locations":[{"start":{"line":227,"column":24},"end":{"line":227,"column":43}},{"start":{"line":227,"column":47},"end":{"line":227,"column":66}}]},"18":{"line":228,"type":"if","locations":[{"start":{"line":228,"column":20},"end":{"line":228,"column":20}},{"start":{"line":228,"column":20},"end":{"line":228,"column":20}}]},"19":{"line":229,"type":"binary-expr","locations":[{"start":{"line":229,"column":63},"end":{"line":229,"column":84}},{"start":{"line":229,"column":88},"end":{"line":229,"column":90}}]},"20":{"line":233,"type":"binary-expr","locations":[{"start":{"line":233,"column":38},"end":{"line":233,"column":89}},{"start":{"line":233,"column":93},"end":{"line":233,"column":95}}]},"21":{"line":240,"type":"if","locations":[{"start":{"line":240,"column":20},"end":{"line":240,"column":20}},{"start":{"line":240,"column":20},"end":{"line":240,"column":20}}]},"22":{"line":262,"type":"if","locations":[{"start":{"line":262,"column":8},"end":{"line":262,"column":8}},{"start":{"line":262,"column":8},"end":{"line":262,"column":8}}]},"23":{"line":267,"type":"if","locations":[{"start":{"line":267,"column":12},"end":{"line":267,"column":12}},{"start":{"line":267,"column":12},"end":{"line":267,"column":12}}]},"24":{"line":270,"type":"binary-expr","locations":[{"start":{"line":270,"column":24},"end":{"line":270,"column":69}},{"start":{"line":271,"column":24},"end":{"line":271,"column":69}}]},"25":{"line":311,"type":"if","locations":[{"start":{"line":311,"column":12},"end":{"line":311,"column":12}},{"start":{"line":311,"column":12},"end":{"line":311,"column":12}}]},"26":{"line":322,"type":"if","locations":[{"start":{"line":322,"column":12},"end":{"line":322,"column":12}},{"start":{"line":322,"column":12},"end":{"line":322,"column":12}}]},"27":{"line":329,"type":"if","locations":[{"start":{"line":329,"column":12},"end":{"line":329,"column":12}},{"start":{"line":329,"column":12},"end":{"line":329,"column":12}}]},"28":{"line":348,"type":"cond-expr","locations":[{"start":{"line":348,"column":30},"end":{"line":348,"column":49}},{"start":{"line":348,"column":52},"end":{"line":348,"column":54}}]},"29":{"line":353,"type":"if","locations":[{"start":{"line":353,"column":12},"end":{"line":353,"column":12}},{"start":{"line":353,"column":12},"end":{"line":353,"column":12}}]},"30":{"line":359,"type":"if","locations":[{"start":{"line":359,"column":12},"end":{"line":359,"column":12}},{"start":{"line":359,"column":12},"end":{"line":359,"column":12}}]},"31":{"line":359,"type":"binary-expr","locations":[{"start":{"line":359,"column":16},"end":{"line":359,"column":26}},{"start":{"line":359,"column":30},"end":{"line":359,"column":50}}]},"32":{"line":362,"type":"if","locations":[{"start":{"line":362,"column":19},"end":{"line":362,"column":19}},{"start":{"line":362,"column":19},"end":{"line":362,"column":19}}]},"33":{"line":392,"type":"if","locations":[{"start":{"line":392,"column":12},"end":{"line":392,"column":12}},{"start":{"line":392,"column":12},"end":{"line":392,"column":12}}]},"34":{"line":392,"type":"binary-expr","locations":[{"start":{"line":392,"column":16},"end":{"line":392,"column":34}},{"start":{"line":392,"column":38},"end":{"line":392,"column":65}}]},"35":{"line":407,"type":"if","locations":[{"start":{"line":407,"column":12},"end":{"line":407,"column":12}},{"start":{"line":407,"column":12},"end":{"line":407,"column":12}}]},"36":{"line":407,"type":"binary-expr","locations":[{"start":{"line":407,"column":16},"end":{"line":407,"column":34}},{"start":{"line":407,"column":38},"end":{"line":407,"column":61}}]},"37":{"line":424,"type":"if","locations":[{"start":{"line":424,"column":12},"end":{"line":424,"column":12}},{"start":{"line":424,"column":12},"end":{"line":424,"column":12}}]},"38":{"line":424,"type":"binary-expr","locations":[{"start":{"line":424,"column":16},"end":{"line":424,"column":34}},{"start":{"line":424,"column":38},"end":{"line":424,"column":62}}]},"39":{"line":440,"type":"if","locations":[{"start":{"line":440,"column":12},"end":{"line":440,"column":12}},{"start":{"line":440,"column":12},"end":{"line":440,"column":12}}]},"40":{"line":440,"type":"binary-expr","locations":[{"start":{"line":440,"column":16},"end":{"line":440,"column":34}},{"start":{"line":440,"column":38},"end":{"line":440,"column":62}}]},"41":{"line":455,"type":"if","locations":[{"start":{"line":455,"column":12},"end":{"line":455,"column":12}},{"start":{"line":455,"column":12},"end":{"line":455,"column":12}}]},"42":{"line":455,"type":"binary-expr","locations":[{"start":{"line":455,"column":16},"end":{"line":455,"column":34}},{"start":{"line":455,"column":38},"end":{"line":455,"column":69}}]},"43":{"line":494,"type":"if","locations":[{"start":{"line":494,"column":16},"end":{"line":494,"column":16}},{"start":{"line":494,"column":16},"end":{"line":494,"column":16}}]},"44":{"line":507,"type":"if","locations":[{"start":{"line":507,"column":12},"end":{"line":507,"column":12}},{"start":{"line":507,"column":12},"end":{"line":507,"column":12}}]},"45":{"line":516,"type":"if","locations":[{"start":{"line":516,"column":16},"end":{"line":516,"column":16}},{"start":{"line":516,"column":16},"end":{"line":516,"column":16}}]},"46":{"line":532,"type":"if","locations":[{"start":{"line":532,"column":12},"end":{"line":532,"column":12}},{"start":{"line":532,"column":12},"end":{"line":532,"column":12}}]},"47":{"line":540,"type":"if","locations":[{"start":{"line":540,"column":12},"end":{"line":540,"column":12}},{"start":{"line":540,"column":12},"end":{"line":540,"column":12}}]},"48":{"line":543,"type":"if","locations":[{"start":{"line":543,"column":12},"end":{"line":543,"column":12}},{"start":{"line":543,"column":12},"end":{"line":543,"column":12}}]},"49":{"line":547,"type":"if","locations":[{"start":{"line":547,"column":12},"end":{"line":547,"column":12}},{"start":{"line":547,"column":12},"end":{"line":547,"column":12}}]},"50":{"line":547,"type":"binary-expr","locations":[{"start":{"line":547,"column":15},"end":{"line":547,"column":19}},{"start":{"line":547,"column":23},"end":{"line":547,"column":35}}]},"51":{"line":560,"type":"if","locations":[{"start":{"line":560,"column":12},"end":{"line":560,"column":12}},{"start":{"line":560,"column":12},"end":{"line":560,"column":12}}]},"52":{"line":579,"type":"if","locations":[{"start":{"line":579,"column":12},"end":{"line":579,"column":12}},{"start":{"line":579,"column":12},"end":{"line":579,"column":12}}]},"53":{"line":587,"type":"cond-expr","locations":[{"start":{"line":587,"column":51},"end":{"line":587,"column":53}},{"start":{"line":587,"column":56},"end":{"line":587,"column":85}}]},"54":{"line":587,"type":"cond-expr","locations":[{"start":{"line":587,"column":80},"end":{"line":587,"column":81}},{"start":{"line":587,"column":84},"end":{"line":587,"column":85}}]},"55":{"line":602,"type":"if","locations":[{"start":{"line":602,"column":12},"end":{"line":602,"column":12}},{"start":{"line":602,"column":12},"end":{"line":602,"column":12}}]},"56":{"line":610,"type":"if","locations":[{"start":{"line":610,"column":12},"end":{"line":610,"column":12}},{"start":{"line":610,"column":12},"end":{"line":610,"column":12}}]},"57":{"line":613,"type":"if","locations":[{"start":{"line":613,"column":12},"end":{"line":613,"column":12}},{"start":{"line":613,"column":12},"end":{"line":613,"column":12}}]},"58":{"line":652,"type":"binary-expr","locations":[{"start":{"line":652,"column":44},"end":{"line":652,"column":51}},{"start":{"line":652,"column":55},"end":{"line":652,"column":57}}]},"59":{"line":658,"type":"binary-expr","locations":[{"start":{"line":658,"column":29},"end":{"line":658,"column":46}},{"start":{"line":658,"column":50},"end":{"line":658,"column":52}}]},"60":{"line":669,"type":"if","locations":[{"start":{"line":669,"column":8},"end":{"line":669,"column":8}},{"start":{"line":669,"column":8},"end":{"line":669,"column":8}}]},"61":{"line":671,"type":"binary-expr","locations":[{"start":{"line":671,"column":37},"end":{"line":671,"column":54}},{"start":{"line":671,"column":58},"end":{"line":671,"column":60}}]},"62":{"line":672,"type":"binary-expr","locations":[{"start":{"line":672,"column":37},"end":{"line":672,"column":68}},{"start":{"line":672,"column":72},"end":{"line":672,"column":81}}]},"63":{"line":673,"type":"if","locations":[{"start":{"line":673,"column":12},"end":{"line":673,"column":12}},{"start":{"line":673,"column":12},"end":{"line":673,"column":12}}]}}},"/home/me/code/Chesster/slack.js":{"path":"/home/me/code/Chesster/slack.js","s":{"1":1,"2":1,"3":1,"4":1,"5":1,"6":1,"7":1,"8":1,"9":1,"10":1,"11":0,"12":0,"13":0,"14":1,"15":0,"16":0,"17":1,"18":0,"19":0,"20":0,"21":0,"22":0,"23":0,"24":0,"25":0,"26":0,"27":0,"28":0,"29":0,"30":0,"31":0,"32":1,"33":0,"34":0,"35":0,"36":0,"37":0,"38":0,"39":0,"40":0,"41":0,"42":0,"43":0,"44":0,"45":0,"46":0,"47":1,"48":1,"49":0,"50":0,"51":0,"52":0,"53":0,"54":0,"55":0,"56":0,"57":0,"58":1,"59":0,"60":0,"61":0,"62":0,"63":1,"64":0,"65":0,"66":0,"67":0,"68":0,"69":0,"70":1,"71":0,"72":0,"73":0,"74":0,"75":1,"76":0,"77":1,"78":0,"79":0,"80":0,"81":0,"82":1,"83":0,"84":0,"85":0,"86":0,"87":0,"88":0,"89":0,"90":0,"91":1,"92":0,"93":0,"94":0,"95":0,"96":0,"97":1,"98":0,"99":0,"100":0,"101":0,"102":0,"103":0,"104":0,"105":0,"106":0,"107":0,"108":0,"109":0,"110":0,"111":0,"112":0,"113":0,"114":0,"115":0,"116":0,"117":0,"118":0,"119":0,"120":0,"121":0,"122":0,"123":0,"124":0,"125":0,"126":0,"127":0,"128":0,"129":0,"130":1,"131":0,"132":0,"133":0,"134":0,"135":1,"136":1,"137":0,"138":0,"139":0,"140":0,"141":0,"142":0,"143":0,"144":0,"145":0,"146":0,"147":0,"148":0,"149":0,"150":0,"151":0,"152":1,"153":1,"154":0,"155":0,"156":0,"157":0,"158":0,"159":0,"160":0,"161":0,"162":0,"163":0,"164":0,"165":0,"166":0,"167":0,"168":1,"169":1,"170":0,"171":0,"172":0,"173":0,"174":0,"175":0,"176":0,"177":0,"178":0,"179":0,"180":0,"181":0,"182":0,"183":0,"184":1,"185":1,"186":1,"187":1,"188":1,"189":1},"b":{"1":[0,0],"2":[0,0],"3":[0,0],"4":[0,0],"5":[0,0],"6":[0,0],"7":[0,0],"8":[0,0],"9":[0,0],"10":[0,0],"11":[0,0],"12":[0,0],"13":[0,0],"14":[0,0],"15":[0,0],"16":[0,0],"17":[0,0],"18":[0,0],"19":[0,0],"20":[0,0],"21":[0,0],"22":[0,0],"23":[0,0],"24":[0,0]},"f":{"1":0,"2":0,"3":0,"4":0,"5":0,"6":0,"7":0,"8":0,"9":0,"10":0,"11":0,"12":0,"13":0,"14":0,"15":0,"16":0,"17":0,"18":0,"19":0,"20":0,"21":0,"22":0,"23":0,"24":0,"25":0,"26":0,"27":0,"28":0,"29":0,"30":0,"31":0,"32":0,"33":0,"34":0,"35":0,"36":0,"37":0,"38":0,"39":0,"40":0,"41":0,"42":0,"43":0,"44":0,"45":0,"46":0,"47":0,"48":0,"49":0},"fnMap":{"1":{"name":"StopControllerError","line":10,"loc":{"start":{"line":10,"column":0},"end":{"line":10,"column":32}}},"2":{"name":"(anonymous_2)","line":20,"loc":{"start":{"line":20,"column":11},"end":{"line":20,"column":25}}},"3":{"name":"(anonymous_3)","line":23,"loc":{"start":{"line":23,"column":17},"end":{"line":23,"column":31}}},"4":{"name":"(anonymous_4)","line":26,"loc":{"start":{"line":26,"column":19},"end":{"line":26,"column":38}}},"5":{"name":"(anonymous_5)","line":33,"loc":{"start":{"line":33,"column":11},"end":{"line":33,"column":25}}},"6":{"name":"(anonymous_6)","line":36,"loc":{"start":{"line":36,"column":17},"end":{"line":36,"column":31}}},"7":{"name":"updatesUsers","line":41,"loc":{"start":{"line":41,"column":0},"end":{"line":41,"column":26}}},"8":{"name":"(anonymous_8)","line":43,"loc":{"start":{"line":43,"column":27},"end":{"line":43,"column":52}}},"9":{"name":"updateChannels","line":64,"loc":{"start":{"line":64,"column":0},"end":{"line":64,"column":28}}},"10":{"name":"(anonymous_10)","line":66,"loc":{"start":{"line":66,"column":30},"end":{"line":66,"column":55}}},"11":{"name":"refresh","line":98,"loc":{"start":{"line":98,"column":0},"end":{"line":98,"column":37}}},"12":{"name":"(anonymous_12)","line":99,"loc":{"start":{"line":99,"column":32},"end":{"line":99,"column":42}}},"13":{"name":"(anonymous_13)","line":105,"loc":{"start":{"line":105,"column":45},"end":{"line":105,"column":57}}},"14":{"name":"(anonymous_14)","line":108,"loc":{"start":{"line":108,"column":19},"end":{"line":108,"column":29}}},"15":{"name":"criticalPath","line":114,"loc":{"start":{"line":114,"column":0},"end":{"line":114,"column":30}}},"16":{"name":"(anonymous_16)","line":115,"loc":{"start":{"line":115,"column":35},"end":{"line":115,"column":47}}},"17":{"name":"exceptionLogger","line":123,"loc":{"start":{"line":123,"column":0},"end":{"line":123,"column":33}}},"18":{"name":"(anonymous_18)","line":125,"loc":{"start":{"line":125,"column":18},"end":{"line":125,"column":30}}},"19":{"name":"botExceptionHandler","line":136,"loc":{"start":{"line":136,"column":0},"end":{"line":136,"column":51}}},"20":{"name":"(anonymous_20)","line":137,"loc":{"start":{"line":137,"column":35},"end":{"line":137,"column":46}}},"21":{"name":"localTime","line":145,"loc":{"start":{"line":145,"column":0},"end":{"line":145,"column":29}}},"22":{"name":"isModerator","line":152,"loc":{"start":{"line":152,"column":0},"end":{"line":152,"column":30}}},"23":{"name":"(anonymous_23)","line":153,"loc":{"start":{"line":153,"column":11},"end":{"line":153,"column":22}}},"24":{"name":"requiresModerator","line":165,"loc":{"start":{"line":165,"column":0},"end":{"line":165,"column":49}}},"25":{"name":"(anonymous_25)","line":166,"loc":{"start":{"line":166,"column":19},"end":{"line":166,"column":30}}},"26":{"name":"withLeague","line":182,"loc":{"start":{"line":182,"column":0},"end":{"line":182,"column":42}}},"27":{"name":"(anonymous_27)","line":183,"loc":{"start":{"line":183,"column":19},"end":{"line":183,"column":30}}},"28":{"name":"add_target","line":192,"loc":{"start":{"line":192,"column":8},"end":{"line":192,"column":39}}},"29":{"name":"(anonymous_29)","line":196,"loc":{"start":{"line":196,"column":27},"end":{"line":196,"column":39}}},"30":{"name":"(anonymous_30)","line":198,"loc":{"start":{"line":198,"column":44},"end":{"line":198,"column":58}}},"31":{"name":"(anonymous_31)","line":206,"loc":{"start":{"line":206,"column":21},"end":{"line":206,"column":35}}},"32":{"name":"(anonymous_32)","line":208,"loc":{"start":{"line":208,"column":28},"end":{"line":208,"column":44}}},"33":{"name":"(anonymous_33)","line":214,"loc":{"start":{"line":214,"column":28},"end":{"line":214,"column":44}}},"34":{"name":"requiresLeague","line":243,"loc":{"start":{"line":243,"column":0},"end":{"line":243,"column":46}}},"35":{"name":"(anonymous_35)","line":244,"loc":{"start":{"line":244,"column":49},"end":{"line":244,"column":61}}},"36":{"name":"hears","line":259,"loc":{"start":{"line":259,"column":0},"end":{"line":259,"column":34}}},"37":{"name":"(anonymous_37)","line":262,"loc":{"start":{"line":262,"column":66},"end":{"line":262,"column":89}}},"38":{"name":"(anonymous_38)","line":263,"loc":{"start":{"line":263,"column":57},"end":{"line":263,"column":68}}},"39":{"name":"(anonymous_39)","line":275,"loc":{"start":{"line":275,"column":42},"end":{"line":275,"column":63}}},"40":{"name":"(anonymous_40)","line":278,"loc":{"start":{"line":278,"column":19},"end":{"line":278,"column":30}}},"41":{"name":"(anonymous_41)","line":280,"loc":{"start":{"line":280,"column":15},"end":{"line":280,"column":31}}},"42":{"name":"on","line":294,"loc":{"start":{"line":294,"column":0},"end":{"line":294,"column":31}}},"43":{"name":"(anonymous_43)","line":297,"loc":{"start":{"line":297,"column":38},"end":{"line":297,"column":61}}},"44":{"name":"(anonymous_44)","line":298,"loc":{"start":{"line":298,"column":57},"end":{"line":298,"column":68}}},"45":{"name":"(anonymous_45)","line":305,"loc":{"start":{"line":305,"column":42},"end":{"line":305,"column":63}}},"46":{"name":"(anonymous_46)","line":308,"loc":{"start":{"line":308,"column":19},"end":{"line":308,"column":30}}},"47":{"name":"(anonymous_47)","line":310,"loc":{"start":{"line":310,"column":15},"end":{"line":310,"column":31}}},"48":{"name":"Bot","line":328,"loc":{"start":{"line":328,"column":0},"end":{"line":328,"column":22}}},"49":{"name":"(anonymous_49)","line":343,"loc":{"start":{"line":343,"column":16},"end":{"line":343,"column":35}}}},"statementMap":{"1":{"start":{"line":4,"column":0},"end":{"line":4,"column":21}},"2":{"start":{"line":5,"column":0},"end":{"line":5,"column":31}},"3":{"start":{"line":6,"column":0},"end":{"line":6,"column":30}},"4":{"start":{"line":7,"column":0},"end":{"line":7,"column":36}},"5":{"start":{"line":8,"column":0},"end":{"line":8,"column":40}},"6":{"start":{"line":10,"column":0},"end":{"line":10,"column":34}},"7":{"start":{"line":11,"column":0},"end":{"line":11,"column":44}},"8":{"start":{"line":14,"column":0},"end":{"line":14,"column":19}},"9":{"start":{"line":15,"column":0},"end":{"line":15,"column":32}},"10":{"start":{"line":17,"column":0},"end":{"line":29,"column":2}},"11":{"start":{"line":21,"column":8},"end":{"line":21,"column":36}},"12":{"start":{"line":24,"column":8},"end":{"line":24,"column":41}},"13":{"start":{"line":27,"column":8},"end":{"line":27,"column":60}},"14":{"start":{"line":30,"column":0},"end":{"line":39,"column":2}},"15":{"start":{"line":34,"column":8},"end":{"line":34,"column":36}},"16":{"start":{"line":37,"column":8},"end":{"line":37,"column":41}},"17":{"start":{"line":41,"column":0},"end":{"line":62,"column":1}},"18":{"start":{"line":43,"column":4},"end":{"line":61,"column":7}},"19":{"start":{"line":44,"column":8},"end":{"line":46,"column":9}},"20":{"start":{"line":45,"column":12},"end":{"line":45,"column":33}},"21":{"start":{"line":48,"column":8},"end":{"line":59,"column":9}},"22":{"start":{"line":49,"column":12},"end":{"line":49,"column":28}},"23":{"start":{"line":50,"column":12},"end":{"line":50,"column":26}},"24":{"start":{"line":51,"column":12},"end":{"line":51,"column":48}},"25":{"start":{"line":52,"column":12},"end":{"line":56,"column":13}},"26":{"start":{"line":53,"column":16},"end":{"line":53,"column":49}},"27":{"start":{"line":54,"column":16},"end":{"line":54,"column":45}},"28":{"start":{"line":55,"column":16},"end":{"line":55,"column":40}},"29":{"start":{"line":57,"column":12},"end":{"line":57,"column":34}},"30":{"start":{"line":58,"column":12},"end":{"line":58,"column":30}},"31":{"start":{"line":60,"column":8},"end":{"line":60,"column":39}},"32":{"start":{"line":64,"column":0},"end":{"line":86,"column":1}},"33":{"start":{"line":66,"column":4},"end":{"line":84,"column":7}},"34":{"start":{"line":67,"column":8},"end":{"line":69,"column":9}},"35":{"start":{"line":68,"column":12},"end":{"line":68,"column":33}},"36":{"start":{"line":71,"column":8},"end":{"line":82,"column":9}},"37":{"start":{"line":72,"column":12},"end":{"line":72,"column":28}},"38":{"start":{"line":73,"column":12},"end":{"line":73,"column":26}},"39":{"start":{"line":74,"column":12},"end":{"line":74,"column":49}},"40":{"start":{"line":75,"column":12},"end":{"line":79,"column":13}},"41":{"start":{"line":76,"column":16},"end":{"line":76,"column":51}},"42":{"start":{"line":77,"column":16},"end":{"line":77,"column":47}},"43":{"start":{"line":78,"column":16},"end":{"line":78,"column":43}},"44":{"start":{"line":80,"column":12},"end":{"line":80,"column":37}},"45":{"start":{"line":81,"column":12},"end":{"line":81,"column":33}},"46":{"start":{"line":83,"column":8},"end":{"line":83,"column":42}},"47":{"start":{"line":97,"column":0},"end":{"line":97,"column":14}},"48":{"start":{"line":98,"column":0},"end":{"line":112,"column":1}},"49":{"start":{"line":99,"column":4},"end":{"line":111,"column":8}},"50":{"start":{"line":100,"column":8},"end":{"line":100,"column":48}},"51":{"start":{"line":101,"column":8},"end":{"line":101,"column":23}},"52":{"start":{"line":103,"column":8},"end":{"line":103,"column":26}},"53":{"start":{"line":104,"column":8},"end":{"line":104,"column":28}},"54":{"start":{"line":105,"column":8},"end":{"line":107,"column":11}},"55":{"start":{"line":106,"column":12},"end":{"line":106,"column":24}},"56":{"start":{"line":108,"column":8},"end":{"line":110,"column":18}},"57":{"start":{"line":109,"column":12},"end":{"line":109,"column":40}},"58":{"start":{"line":114,"column":0},"end":{"line":120,"column":1}},"59":{"start":{"line":115,"column":4},"end":{"line":118,"column":7}},"60":{"start":{"line":116,"column":8},"end":{"line":116,"column":91}},"61":{"start":{"line":117,"column":8},"end":{"line":117,"column":24}},"62":{"start":{"line":119,"column":4},"end":{"line":119,"column":19}},"63":{"start":{"line":123,"column":0},"end":{"line":134,"column":1}},"64":{"start":{"line":124,"column":4},"end":{"line":124,"column":29}},"65":{"start":{"line":125,"column":4},"end":{"line":132,"column":7}},"66":{"start":{"line":126,"column":8},"end":{"line":129,"column":34}},"67":{"start":{"line":130,"column":8},"end":{"line":130,"column":33}},"68":{"start":{"line":131,"column":8},"end":{"line":131,"column":27}},"69":{"start":{"line":133,"column":4},"end":{"line":133,"column":28}},"70":{"start":{"line":136,"column":0},"end":{"line":143,"column":1}},"71":{"start":{"line":137,"column":4},"end":{"line":141,"column":7}},"72":{"start":{"line":138,"column":8},"end":{"line":138,"column":61}},"73":{"start":{"line":139,"column":8},"end":{"line":139,"column":93}},"74":{"start":{"line":142,"column":4},"end":{"line":142,"column":19}},"75":{"start":{"line":145,"column":0},"end":{"line":147,"column":1}},"76":{"start":{"line":146,"column":4},"end":{"line":146,"column":51}},"77":{"start":{"line":152,"column":0},"end":{"line":159,"column":1}},"78":{"start":{"line":153,"column":4},"end":{"line":158,"column":5}},"79":{"start":{"line":154,"column":8},"end":{"line":156,"column":9}},"80":{"start":{"line":155,"column":12},"end":{"line":155,"column":122}},"81":{"start":{"line":157,"column":8},"end":{"line":157,"column":53}},"82":{"start":{"line":165,"column":0},"end":{"line":180,"column":1}},"83":{"start":{"line":166,"column":4},"end":{"line":179,"column":7}},"84":{"start":{"line":167,"column":8},"end":{"line":169,"column":9}},"85":{"start":{"line":168,"column":12},"end":{"line":168,"column":82}},"86":{"start":{"line":170,"column":8},"end":{"line":172,"column":9}},"87":{"start":{"line":171,"column":12},"end":{"line":171,"column":55}},"88":{"start":{"line":173,"column":8},"end":{"line":178,"column":9}},"89":{"start":{"line":174,"column":12},"end":{"line":176,"column":16}},"90":{"start":{"line":177,"column":12},"end":{"line":177,"column":62}},"91":{"start":{"line":182,"column":0},"end":{"line":242,"column":1}},"92":{"start":{"line":183,"column":4},"end":{"line":241,"column":7}},"93":{"start":{"line":184,"column":8},"end":{"line":184,"column":30}},"94":{"start":{"line":189,"column":8},"end":{"line":189,"column":54}},"95":{"start":{"line":190,"column":8},"end":{"line":190,"column":31}},"96":{"start":{"line":191,"column":8},"end":{"line":191,"column":32}},"97":{"start":{"line":192,"column":8},"end":{"line":195,"column":9}},"98":{"start":{"line":193,"column":12},"end":{"line":193,"column":39}},"99":{"start":{"line":194,"column":12},"end":{"line":194,"column":39}},"100":{"start":{"line":196,"column":8},"end":{"line":201,"column":11}},"101":{"start":{"line":197,"column":12},"end":{"line":197,"column":42}},"102":{"start":{"line":198,"column":12},"end":{"line":200,"column":15}},"103":{"start":{"line":199,"column":16},"end":{"line":199,"column":35}},"104":{"start":{"line":204,"column":8},"end":{"line":204,"column":25}},"105":{"start":{"line":205,"column":8},"end":{"line":205,"column":43}},"106":{"start":{"line":206,"column":8},"end":{"line":211,"column":11}},"107":{"start":{"line":207,"column":12},"end":{"line":207,"column":85}},"108":{"start":{"line":208,"column":12},"end":{"line":210,"column":15}},"109":{"start":{"line":209,"column":16},"end":{"line":209,"column":36}},"110":{"start":{"line":212,"column":8},"end":{"line":212,"column":63}},"111":{"start":{"line":213,"column":8},"end":{"line":213,"column":33}},"112":{"start":{"line":214,"column":8},"end":{"line":217,"column":11}},"113":{"start":{"line":215,"column":12},"end":{"line":215,"column":45}},"114":{"start":{"line":216,"column":12},"end":{"line":216,"column":48}},"115":{"start":{"line":218,"column":8},"end":{"line":218,"column":58}},"116":{"start":{"line":219,"column":8},"end":{"line":221,"column":9}},"117":{"start":{"line":220,"column":12},"end":{"line":220,"column":50}},"118":{"start":{"line":222,"column":8},"end":{"line":226,"column":9}},"119":{"start":{"line":223,"column":12},"end":{"line":223,"column":45}},"120":{"start":{"line":224,"column":12},"end":{"line":224,"column":31}},"121":{"start":{"line":225,"column":12},"end":{"line":225,"column":21}},"122":{"start":{"line":230,"column":8},"end":{"line":230,"column":53}},"123":{"start":{"line":231,"column":8},"end":{"line":238,"column":9}},"124":{"start":{"line":232,"column":12},"end":{"line":232,"column":65}},"125":{"start":{"line":233,"column":12},"end":{"line":233,"column":56}},"126":{"start":{"line":234,"column":12},"end":{"line":237,"column":13}},"127":{"start":{"line":235,"column":16},"end":{"line":235,"column":35}},"128":{"start":{"line":236,"column":16},"end":{"line":236,"column":25}},"129":{"start":{"line":240,"column":8},"end":{"line":240,"column":15}},"130":{"start":{"line":243,"column":0},"end":{"line":250,"column":1}},"131":{"start":{"line":244,"column":4},"end":{"line":249,"column":7}},"132":{"start":{"line":245,"column":8},"end":{"line":248,"column":9}},"133":{"start":{"line":246,"column":12},"end":{"line":246,"column":135}},"134":{"start":{"line":247,"column":12},"end":{"line":247,"column":65}},"135":{"start":{"line":256,"column":0},"end":{"line":258,"column":2}},"136":{"start":{"line":259,"column":0},"end":{"line":290,"column":1}},"137":{"start":{"line":260,"column":4},"end":{"line":260,"column":20}},"138":{"start":{"line":261,"column":4},"end":{"line":261,"column":63}},"139":{"start":{"line":262,"column":4},"end":{"line":289,"column":7}},"140":{"start":{"line":263,"column":8},"end":{"line":288,"column":12}},"141":{"start":{"line":264,"column":12},"end":{"line":264,"column":63}},"142":{"start":{"line":269,"column":12},"end":{"line":271,"column":13}},"143":{"start":{"line":270,"column":16},"end":{"line":270,"column":64}},"144":{"start":{"line":272,"column":12},"end":{"line":272,"column":49}},"145":{"start":{"line":273,"column":12},"end":{"line":273,"column":62}},"146":{"start":{"line":274,"column":12},"end":{"line":286,"column":15}},"147":{"start":{"line":276,"column":20},"end":{"line":276,"column":65}},"148":{"start":{"line":279,"column":16},"end":{"line":279,"column":46}},"149":{"start":{"line":281,"column":16},"end":{"line":285,"column":17}},"150":{"start":{"line":282,"column":20},"end":{"line":282,"column":115}},"151":{"start":{"line":284,"column":20},"end":{"line":284,"column":32}},"152":{"start":{"line":291,"column":0},"end":{"line":293,"column":2}},"153":{"start":{"line":294,"column":0},"end":{"line":320,"column":1}},"154":{"start":{"line":295,"column":4},"end":{"line":295,"column":20}},"155":{"start":{"line":296,"column":4},"end":{"line":296,"column":60}},"156":{"start":{"line":297,"column":4},"end":{"line":319,"column":7}},"157":{"start":{"line":298,"column":8},"end":{"line":318,"column":12}},"158":{"start":{"line":299,"column":12},"end":{"line":299,"column":63}},"159":{"start":{"line":300,"column":12},"end":{"line":303,"column":13}},"160":{"start":{"line":301,"column":16},"end":{"line":301,"column":53}},"161":{"start":{"line":302,"column":16},"end":{"line":302,"column":66}},"162":{"start":{"line":304,"column":12},"end":{"line":316,"column":15}},"163":{"start":{"line":306,"column":20},"end":{"line":306,"column":65}},"164":{"start":{"line":309,"column":16},"end":{"line":309,"column":46}},"165":{"start":{"line":311,"column":16},"end":{"line":315,"column":17}},"166":{"start":{"line":312,"column":20},"end":{"line":312,"column":115}},"167":{"start":{"line":314,"column":20},"end":{"line":314,"column":32}},"168":{"start":{"line":323,"column":0},"end":{"line":326,"column":2}},"169":{"start":{"line":328,"column":0},"end":{"line":355,"column":1}},"170":{"start":{"line":329,"column":4},"end":{"line":329,"column":20}},"171":{"start":{"line":330,"column":4},"end":{"line":330,"column":62}},"172":{"start":{"line":331,"column":4},"end":{"line":331,"column":68}},"173":{"start":{"line":332,"column":4},"end":{"line":332,"column":59}},"174":{"start":{"line":333,"column":4},"end":{"line":336,"column":5}},"175":{"start":{"line":334,"column":8},"end":{"line":334,"column":67}},"176":{"start":{"line":335,"column":8},"end":{"line":335,"column":79}},"177":{"start":{"line":338,"column":4},"end":{"line":340,"column":7}},"178":{"start":{"line":341,"column":4},"end":{"line":352,"column":7}},"179":{"start":{"line":344,"column":8},"end":{"line":346,"column":9}},"180":{"start":{"line":345,"column":12},"end":{"line":345,"column":33}},"181":{"start":{"line":350,"column":8},"end":{"line":350,"column":49}},"182":{"start":{"line":353,"column":4},"end":{"line":353,"column":23}},"183":{"start":{"line":354,"column":4},"end":{"line":354,"column":17}},"184":{"start":{"line":357,"column":0},"end":{"line":357,"column":29}},"185":{"start":{"line":358,"column":0},"end":{"line":358,"column":35}},"186":{"start":{"line":359,"column":0},"end":{"line":359,"column":39}},"187":{"start":{"line":360,"column":0},"end":{"line":360,"column":53}},"188":{"start":{"line":361,"column":0},"end":{"line":361,"column":47}},"189":{"start":{"line":362,"column":0},"end":{"line":362,"column":25}}},"branchMap":{"1":{"line":27,"type":"binary-expr","locations":[{"start":{"line":27,"column":15},"end":{"line":27,"column":34}},{"start":{"line":27,"column":38},"end":{"line":27,"column":59}}]},"2":{"line":44,"type":"if","locations":[{"start":{"line":44,"column":8},"end":{"line":44,"column":8}},{"start":{"line":44,"column":8},"end":{"line":44,"column":8}}]},"3":{"line":48,"type":"if","locations":[{"start":{"line":48,"column":8},"end":{"line":48,"column":8}},{"start":{"line":48,"column":8},"end":{"line":48,"column":8}}]},"4":{"line":48,"type":"binary-expr","locations":[{"start":{"line":48,"column":12},"end":{"line":48,"column":46}},{"start":{"line":48,"column":50},"end":{"line":48,"column":61}}]},"5":{"line":67,"type":"if","locations":[{"start":{"line":67,"column":8},"end":{"line":67,"column":8}},{"start":{"line":67,"column":8},"end":{"line":67,"column":8}}]},"6":{"line":71,"type":"if","locations":[{"start":{"line":71,"column":8},"end":{"line":71,"column":8}},{"start":{"line":71,"column":8},"end":{"line":71,"column":8}}]},"7":{"line":71,"type":"binary-expr","locations":[{"start":{"line":71,"column":12},"end":{"line":71,"column":47}},{"start":{"line":71,"column":51},"end":{"line":71,"column":62}}]},"8":{"line":154,"type":"if","locations":[{"start":{"line":154,"column":8},"end":{"line":154,"column":8}},{"start":{"line":154,"column":8},"end":{"line":154,"column":8}}]},"9":{"line":167,"type":"if","locations":[{"start":{"line":167,"column":8},"end":{"line":167,"column":8}},{"start":{"line":167,"column":8},"end":{"line":167,"column":8}}]},"10":{"line":170,"type":"if","locations":[{"start":{"line":170,"column":8},"end":{"line":170,"column":8}},{"start":{"line":170,"column":8},"end":{"line":170,"column":8}}]},"11":{"line":173,"type":"if","locations":[{"start":{"line":173,"column":8},"end":{"line":173,"column":8}},{"start":{"line":173,"column":8},"end":{"line":173,"column":8}}]},"12":{"line":219,"type":"if","locations":[{"start":{"line":219,"column":8},"end":{"line":219,"column":8}},{"start":{"line":219,"column":8},"end":{"line":219,"column":8}}]},"13":{"line":222,"type":"if","locations":[{"start":{"line":222,"column":8},"end":{"line":222,"column":8}},{"start":{"line":222,"column":8},"end":{"line":222,"column":8}}]},"14":{"line":231,"type":"if","locations":[{"start":{"line":231,"column":8},"end":{"line":231,"column":8}},{"start":{"line":231,"column":8},"end":{"line":231,"column":8}}]},"15":{"line":231,"type":"binary-expr","locations":[{"start":{"line":231,"column":12},"end":{"line":231,"column":19}},{"start":{"line":231,"column":23},"end":{"line":231,"column":35}}]},"16":{"line":234,"type":"if","locations":[{"start":{"line":234,"column":12},"end":{"line":234,"column":12}},{"start":{"line":234,"column":12},"end":{"line":234,"column":12}}]},"17":{"line":245,"type":"if","locations":[{"start":{"line":245,"column":8},"end":{"line":245,"column":8}},{"start":{"line":245,"column":8},"end":{"line":245,"column":8}}]},"18":{"line":245,"type":"binary-expr","locations":[{"start":{"line":245,"column":12},"end":{"line":245,"column":14}},{"start":{"line":245,"column":18},"end":{"line":245,"column":33}}]},"19":{"line":269,"type":"if","locations":[{"start":{"line":269,"column":12},"end":{"line":269,"column":12}},{"start":{"line":269,"column":12},"end":{"line":269,"column":12}}]},"20":{"line":281,"type":"if","locations":[{"start":{"line":281,"column":16},"end":{"line":281,"column":16}},{"start":{"line":281,"column":16},"end":{"line":281,"column":16}}]},"21":{"line":300,"type":"if","locations":[{"start":{"line":300,"column":12},"end":{"line":300,"column":12}},{"start":{"line":300,"column":12},"end":{"line":300,"column":12}}]},"22":{"line":311,"type":"if","locations":[{"start":{"line":311,"column":16},"end":{"line":311,"column":16}},{"start":{"line":311,"column":16},"end":{"line":311,"column":16}}]},"23":{"line":333,"type":"if","locations":[{"start":{"line":333,"column":4},"end":{"line":333,"column":4}},{"start":{"line":333,"column":4},"end":{"line":333,"column":4}}]},"24":{"line":344,"type":"if","locations":[{"start":{"line":344,"column":8},"end":{"line":344,"column":8}},{"start":{"line":344,"column":8},"end":{"line":344,"column":8}}]}}},"/home/me/code/Chesster/spreadsheets.js":{"path":"/home/me/code/Chesster/spreadsheets.js","s":{"1":1,"2":1,"3":1,"4":1,"5":1,"6":1,"7":1,"8":1,"9":1,"10":50,"11":250,"12":250,"13":1,"14":1,"15":1,"16":1,"17":1,"18":1,"19":1,"20":0,"21":0,"22":0,"23":0,"24":0,"25":0,"26":0,"27":0,"28":0,"29":0,"30":0,"31":1,"32":0,"33":0,"34":0,"35":0,"36":0,"37":0,"38":0,"39":0,"40":0,"41":0,"42":0,"43":0,"44":0,"45":0,"46":0,"47":0,"48":0,"49":0,"50":0,"51":0,"52":0,"53":0,"54":0,"55":0,"56":0,"57":0,"58":0,"59":0,"60":0,"61":0,"62":0,"63":0,"64":0,"65":0,"66":0,"67":0,"68":0,"69":0,"70":0,"71":0,"72":0,"73":0,"74":0,"75":1,"76":0,"77":0,"78":0,"79":0,"80":0,"81":0,"82":0,"83":0,"84":0,"85":0,"86":0,"87":0,"88":0,"89":0,"90":0,"91":0,"92":0,"93":0,"94":0,"95":0,"96":0,"97":0,"98":0,"99":0,"100":0,"101":0,"102":0,"103":0,"104":0,"105":0,"106":0,"107":0,"108":0,"109":0,"110":0,"111":0,"112":1,"113":0,"114":0,"115":0,"116":0,"117":0,"118":0,"119":0,"120":0,"121":0,"122":0,"123":0,"124":0,"125":0,"126":1,"127":2,"128":1,"129":2,"130":2,"131":2,"132":0,"133":2,"134":18,"135":3,"136":2,"137":0,"138":0,"139":2,"140":2,"141":2,"142":2,"143":2,"144":0,"145":2,"146":2,"147":2800,"148":200,"149":2800,"150":2,"151":2,"152":30,"153":28,"154":2,"155":2,"156":2,"157":198,"158":2,"159":2,"160":0,"161":2,"162":1,"163":1,"164":9,"165":1,"166":0,"167":1,"168":0,"169":0,"170":0,"171":0,"172":0,"173":0,"174":0,"175":0,"176":0,"177":0,"178":0,"179":0,"180":0,"181":0,"182":0,"183":0,"184":0,"185":0,"186":0,"187":0,"188":1,"189":0,"190":0,"191":0,"192":0,"193":0,"194":0,"195":0,"196":0,"197":0,"198":0,"199":1,"200":0,"201":0,"202":0,"203":0,"204":1,"205":0,"206":1,"207":0,"208":0,"209":0,"210":0,"211":1,"212":0,"213":0,"214":0,"215":0,"216":0,"217":0,"218":1,"219":0,"220":0,"221":1,"222":0,"223":0,"224":0,"225":0,"226":0,"227":0,"228":0,"229":0,"230":0,"231":0,"232":0,"233":0,"234":0,"235":0,"236":0,"237":0,"238":0,"239":0,"240":0,"241":0,"242":0,"243":0,"244":0,"245":0,"246":0,"247":0,"248":0,"249":1,"250":0,"251":0,"252":0,"253":0,"254":0,"255":0,"256":0,"257":0,"258":0,"259":0,"260":0,"261":1,"262":0,"263":0,"264":0,"265":0,"266":0,"267":0,"268":0,"269":0,"270":0,"271":0,"272":1,"273":0,"274":0,"275":0,"276":0,"277":0,"278":0,"279":0,"280":0,"281":0,"282":0,"283":0,"284":1,"285":1,"286":1,"287":1,"288":1,"289":1,"290":1,"291":1,"292":1,"293":1,"294":1,"295":1},"b":{"1":[0,0],"2":[0,0],"3":[0,0],"4":[0,0],"5":[0,0],"6":[0,0],"7":[0,0],"8":[0,0],"9":[0,0],"10":[0,0],"11":[0,0],"12":[0,0],"13":[0,0],"14":[0,0],"15":[0,0],"16":[0,0],"17":[0,0],"18":[0,2],"19":[3,15],"20":[0,2],"21":[0,2],"22":[200,2600],"23":[28,2],"24":[0,2],"25":[0,0],"26":[0,0],"27":[0,0],"28":[0,0],"29":[0,0],"30":[0,0],"31":[0,0],"32":[0,0],"33":[0,0],"34":[0,0],"35":[0,0],"36":[0,0],"37":[0,0],"38":[0,0],"39":[0,0],"40":[0,0],"41":[0,0,0],"42":[0,0],"43":[0,0],"44":[0,0],"45":[0,0],"46":[0,0],"47":[0,0],"48":[0,0],"49":[0,0],"50":[0,0],"51":[0,0]},"f":{"1":50,"2":250,"3":0,"4":0,"5":0,"6":0,"7":0,"8":0,"9":0,"10":0,"11":0,"12":0,"13":0,"14":0,"15":0,"16":0,"17":0,"18":2,"19":2,"20":2,"21":18,"22":2,"23":2800,"24":30,"25":198,"26":1,"27":9,"28":0,"29":0,"30":0,"31":0,"32":0,"33":0,"34":0,"35":0,"36":0,"37":0,"38":0,"39":0,"40":0,"41":0,"42":0,"43":0,"44":0,"45":0,"46":0,"47":0,"48":0},"fnMap":{"1":{"name":"(anonymous_1)","line":73,"loc":{"start":{"line":73,"column":26},"end":{"line":73,"column":47}}},"2":{"name":"(anonymous_2)","line":74,"loc":{"start":{"line":74,"column":30},"end":{"line":74,"column":51}}},"3":{"name":"ScheduleParsingError","line":117,"loc":{"start":{"line":117,"column":0},"end":{"line":117,"column":33}}},"4":{"name":"PairingError","line":119,"loc":{"start":{"line":119,"column":0},"end":{"line":119,"column":25}}},"5":{"name":"getTokensScheduling","line":123,"loc":{"start":{"line":123,"column":0},"end":{"line":123,"column":41}}},"6":{"name":"(anonymous_6)","line":129,"loc":{"start":{"line":129,"column":46},"end":{"line":129,"column":61}}},"7":{"name":"(anonymous_7)","line":136,"loc":{"start":{"line":136,"column":28},"end":{"line":136,"column":40}}},"8":{"name":"(anonymous_8)","line":137,"loc":{"start":{"line":137,"column":28},"end":{"line":137,"column":40}}},"9":{"name":"getPossibleDateStrings","line":150,"loc":{"start":{"line":150,"column":0},"end":{"line":150,"column":53}}},"10":{"name":"(anonymous_10)","line":185,"loc":{"start":{"line":185,"column":27},"end":{"line":185,"column":42}}},"11":{"name":"(anonymous_11)","line":196,"loc":{"start":{"line":196,"column":27},"end":{"line":196,"column":42}}},"12":{"name":"(anonymous_12)","line":203,"loc":{"start":{"line":203,"column":30},"end":{"line":203,"column":42}}},"13":{"name":"(anonymous_13)","line":210,"loc":{"start":{"line":210,"column":32},"end":{"line":210,"column":53}}},"14":{"name":"parseScheduling","line":225,"loc":{"start":{"line":225,"column":0},"end":{"line":225,"column":47}}},"15":{"name":"(anonymous_15)","line":244,"loc":{"start":{"line":244,"column":25},"end":{"line":244,"column":46}}},"16":{"name":"(anonymous_16)","line":245,"loc":{"start":{"line":245,"column":30},"end":{"line":245,"column":47}}},"17":{"name":"getRoundExtrema","line":311,"loc":{"start":{"line":311,"column":0},"end":{"line":311,"column":34}}},"18":{"name":"getRows","line":350,"loc":{"start":{"line":350,"column":0},"end":{"line":350,"column":71}}},"19":{"name":"getRowImplementation","line":353,"loc":{"start":{"line":353,"column":4},"end":{"line":353,"column":45}}},"20":{"name":"(anonymous_20)","line":355,"loc":{"start":{"line":355,"column":20},"end":{"line":355,"column":40}}},"21":{"name":"(anonymous_21)","line":359,"loc":{"start":{"line":359,"column":36},"end":{"line":359,"column":52}}},"22":{"name":"(anonymous_22)","line":381,"loc":{"start":{"line":381,"column":16},"end":{"line":381,"column":37}}},"23":{"name":"(anonymous_23)","line":386,"loc":{"start":{"line":386,"column":34},"end":{"line":386,"column":49}}},"24":{"name":"(anonymous_24)","line":396,"loc":{"start":{"line":396,"column":49}
[...]
line":197,"column":8},"end":{"line":197,"column":8}},{"start":{"line":197,"column":8},"end":{"line":197,"column":8}}]},"5":{"line":229,"type":"if","locations":[{"start":{"line":229,"column":4},"end":{"line":229,"column":4}},{"start":{"line":229,"column":4},"end":{"line":229,"column":4}}]},"6":{"line":247,"type":"if","locations":[{"start":{"line":247,"column":12},"end":{"line":247,"column":12}},{"start":{"line":247,"column":12},"end":{"line":247,"column":12}}]},"7":{"line":255,"type":"if","locations":[{"start":{"line":255,"column":12},"end":{"line":255,"column":12}},{"start":{"line":255,"column":12},"end":{"line":255,"column":12}}]},"8":{"line":255,"type":"binary-expr","locations":[{"start":{"line":255,"column":16},"end":{"line":255,"column":44}},{"start":{"line":255,"column":48},"end":{"line":255,"column":73}}]},"9":{"line":261,"type":"if","locations":[{"start":{"line":261,"column":8},"end":{"line":261,"column":8}},{"start":{"line":261,"column":8},"end":{"line":261,"column":8}}]},"10":{"line":266,"type":"if","locations":[{"start":{"line":266,"column":4},"end":{"line":266,"column":4}},{"start":{"line":266,"column":4},"end":{"line":266,"column":4}}]},"11":{"line":266,"type":"binary-expr","locations":[{"start":{"line":266,"column":8},"end":{"line":266,"column":37}},{"start":{"line":266,"column":41},"end":{"line":266,"column":73}}]},"12":{"line":279,"type":"if","locations":[{"start":{"line":279,"column":4},"end":{"line":279,"column":4}},{"start":{"line":279,"column":4},"end":{"line":279,"column":4}}]},"13":{"line":279,"type":"binary-expr","locations":[{"start":{"line":279,"column":8},"end":{"line":279,"column":37}},{"start":{"line":279,"column":41},"end":{"line":279,"column":72}}]},"14":{"line":284,"type":"if","locations":[{"start":{"line":284,"column":8},"end":{"line":284,"column":8}},{"start":{"line":284,"column":8},"end":{"line":284,"column":8}}]},"15":{"line":312,"type":"binary-expr","locations":[{"start":{"line":312,"column":14},"end":{"line":312,"column":21}},{"start":{"line":312,"column":25},"end":{"line":312,"column":27}}]},"16":{"line":318,"type":"if","locations":[{"start":{"line":318,"column":4},"end":{"line":318,"column":4}},{"start":{"line":318,"column":4},"end":{"line":318,"column":4}}]},"17":{"line":329,"type":"binary-expr","locations":[{"start":{"line":329,"column":11},"end":{"line":329,"column":56}},{"start":{"line":329,"column":60},"end":{"line":329,"column":93}}]},"18":{"line":356,"type":"if","locations":[{"start":{"line":356,"column":12},"end":{"line":356,"column":12}},{"start":{"line":356,"column":12},"end":{"line":356,"column":12}}]},"19":{"line":360,"type":"if","locations":[{"start":{"line":360,"column":16},"end":{"line":360,"column":16}},{"start":{"line":360,"column":16},"end":{"line":360,"column":16}}]},"20":{"line":364,"type":"if","locations":[{"start":{"line":364,"column":12},"end":{"line":364,"column":12}},{"start":{"line":364,"column":12},"end":{"line":364,"column":12}}]},"21":{"line":382,"type":"if","locations":[{"start":{"line":382,"column":20},"end":{"line":382,"column":20}},{"start":{"line":382,"column":20},"end":{"line":382,"column":20}}]},"22":{"line":388,"type":"if","locations":[{"start":{"line":388,"column":24},"end":{"line":388,"column":24}},{"start":{"line":388,"column":24},"end":{"line":388,"column":24}}]},"23":{"line":397,"type":"if","locations":[{"start":{"line":397,"column":24},"end":{"line":397,"column":24}},{"start":{"line":397,"column":24},"end":{"line":397,"column":24}}]},"24":{"line":413,"type":"if","locations":[{"start":{"line":413,"column":4},"end":{"line":413,"column":4}},{"start":{"line":413,"column":4},"end":{"line":413,"column":4}}]},"25":{"line":442,"type":"if","locations":[{"start":{"line":442,"column":8},"end":{"line":442,"column":8}},{"start":{"line":442,"column":8},"end":{"line":442,"column":8}}]},"26":{"line":443,"type":"binary-expr","locations":[{"start":{"line":443,"column":13},"end":{"line":443,"column":42}},{"start":{"line":443,"column":46},"end":{"line":443,"column":75}}]},"27":{"line":446,"type":"if","locations":[{"start":{"line":446,"column":15},"end":{"line":446,"column":15}},{"start":{"line":446,"column":15},"end":{"line":446,"column":15}}]},"28":{"line":447,"type":"binary-expr","locations":[{"start":{"line":447,"column":13},"end":{"line":447,"column":42}},{"start":{"line":447,"column":46},"end":{"line":447,"column":75}}]},"29":{"line":459,"type":"if","locations":[{"start":{"line":459,"column":12},"end":{"line":459,"column":12}},{"start":{"line":459,"column":12},"end":{"line":459,"column":12}}]},"30":{"line":461,"type":"if","locations":[{"start":{"line":461,"column":19},"end":{"line":461,"column":19}},{"start":{"line":461,"column":19},"end":{"line":461,"column":19}}]},"31":{"line":468,"type":"if","locations":[{"start":{"line":468,"column":12},"end":{"line":468,"column":12}},{"start":{"line":468,"column":12},"end":{"line":468,"column":12}}]},"32":{"line":482,"type":"if","locations":[{"start":{"line":482,"column":8},"end":{"line":482,"column":8}},{"start":{"line":482,"column":8},"end":{"line":482,"column":8}}]},"33":{"line":515,"type":"cond-expr","locations":[{"start":{"line":515,"column":63},"end":{"line":515,"column":67}},{"start":{"line":515,"column":70},"end":{"line":515,"column":75}}]},"34":{"line":527,"type":"if","locations":[{"start":{"line":527,"column":4},"end":{"line":527,"column":4}},{"start":{"line":527,"column":4},"end":{"line":527,"column":4}}]},"35":{"line":557,"type":"if","locations":[{"start":{"line":557,"column":12},"end":{"line":557,"column":12}},{"start":{"line":557,"column":12},"end":{"line":557,"column":12}}]},"36":{"line":563,"type":"if","locations":[{"start":{"line":563,"column":12},"end":{"line":563,"column":12}},{"start":{"line":563,"column":12},"end":{"line":563,"column":12}}]},"37":{"line":563,"type":"binary-expr","locations":[{"start":{"line":563,"column":15},"end":{"line":563,"column":25}},{"start":{"line":563,"column":29},"end":{"line":563,"column":37}}]},"38":{"line":567,"type":"if","locations":[{"start":{"line":567,"column":12},"end":{"line":567,"column":12}},{"start":{"line":567,"column":12},"end":{"line":567,"column":12}}]},"39":{"line":570,"type":"if","locations":[{"start":{"line":570,"column":16},"end":{"line":570,"column":16}},{"start":{"line":570,"column":16},"end":{"line":570,"column":16}}]},"40":{"line":582,"type":"if","locations":[{"start":{"line":582,"column":12},"end":{"line":582,"column":12}},{"start":{"line":582,"column":12},"end":{"line":582,"column":12}}]},"41":{"line":582,"type":"binary-expr","locations":[{"start":{"line":582,"column":15},"end":{"line":582,"column":26}},{"start":{"line":582,"column":30},"end":{"line":582,"column":37}},{"start":{"line":582,"column":41},"end":{"line":582,"column":84}}]},"42":{"line":585,"type":"if","locations":[{"start":{"line":585,"column":18},"end":{"line":585,"column":18}},{"start":{"line":585,"column":18},"end":{"line":585,"column":18}}]},"43":{"line":593,"type":"if","locations":[{"start":{"line":593,"column":12},"end":{"line":593,"column":12}},{"start":{"line":593,"column":12},"end":{"line":593,"column":12}}]},"44":{"line":618,"type":"if","locations":[{"start":{"line":618,"column":8},"end":{"line":618,"column":8}},{"start":{"line":618,"column":8},"end":{"line":618,"column":8}}]},"45":{"line":625,"type":"if","locations":[{"start":{"line":625,"column":8},"end":{"line":625,"column":8}},{"start":{"line":625,"column":8},"end":{"line":625,"column":8}}]},"46":{"line":644,"type":"if","locations":[{"start":{"line":644,"column":12},"end":{"line":644,"column":12}},{"start":{"line":644,"column":12},"end":{"line":644,"column":12}}]},"47":{"line":649,"type":"if","locations":[{"start":{"line":649,"column":12},"end":{"line":649,"column":12}},{"start":{"line":649,"column":12},"end":{"line":649,"column":12}}]},"48":{"line":649,"type":"binary-expr","locations":[{"start":{"line":649,"column":15},"end":{"line":649,"column":22}},{"start":{"line":649,"column":26},"end":{"line":649,"column":69}}]},"49":{"line":665,"type":"if","locations":[{"start":{"line":665,"column":4},"end":{"line":665,"column":4}},{"start":{"line":665,"column":4},"end":{"line":665,"column":4}}]},"50":{"line":669,"type":"if","locations":[{"start":{"line":669,"column":4},"end":{"line":669,"column":4}},{"start":{"line":669,"column":4},"end":{"line":669,"column":4}}]},"51":{"line":672,"type":"if","locations":[{"start":{"line":672,"column":4},"end":{"line":672,"column":4}},{"start":{"line":672,"column":4},"end":{"line":672,"column":4}}]}}},"/home/me/code/Chesster/lichess.js":{"path":"/home/me/code/Chesster/lichess.js","s":{"1":1,"2":1,"3":1,"4":1,"5":1,"6":1,"7":1,"8":1,"9":1,"10":1,"11":1,"12":0,"13":0,"14":0,"15":0,"16":0,"17":1,"18":5,"19":5,"20":5,"21":0,"22":5,"23":0,"24":5,"25":0,"26":0,"27":0,"28":0,"29":0,"30":0,"31":0,"32":0,"33":0,"34":0,"35":0,"36":0,"37":0,"38":0,"39":0,"40":0,"41":5,"42":1,"43":1,"44":1,"45":0,"46":0,"47":1,"48":1,"49":1,"50":1,"51":1,"52":0,"53":0,"54":0,"55":0,"56":0,"57":0,"58":0,"59":0,"60":0,"61":0,"62":0,"63":0,"64":0,"65":0,"66":0,"67":0,"68":0,"69":0,"70":1,"71":156,"72":1,"73":1,"74":1,"75":1},"b":{"1":[0,0],"2":[0,5],"3":[0,5],"4":[0,5],"5":[0,0],"6":[0,0],"7":[0,0],"8":[0,0,0],"9":[0,0]},"f":{"1":1,"2":0,"3":5,"4":0,"5":0,"6":0,"7":1,"8":0,"9":0,"10":0,"11":156},"fnMap":{"1":{"name":"(anonymous_1)","line":25,"loc":{"start":{"line":25,"column":19},"end":{"line":25,"column":30}}},"2":{"name":"makeRequest","line":31,"loc":{"start":{"line":31,"column":4},"end":{"line":31,"column":52}}},"3":{"name":"processRequest","line":40,"loc":{"start":{"line":40,"column":4},"end":{"line":40,"column":30}}},"4":{"name":"(anonymous_4)","line":59,"loc":{"start":{"line":59,"column":25},"end":{"line":59,"column":42}}},"5":{"name":"(anonymous_5)","line":67,"loc":{"start":{"line":67,"column":15},"end":{"line":67,"column":31}}},"6":{"name":"getPlayerByName","line":80,"loc":{"start":{"line":80,"column":0},"end":{"line":80,"column":44}}},"7":{"name":"(anonymous_7)","line":92,"loc":{"start":{"line":92,"column":23},"end":{"line":92,"column":34}}},"8":{"name":"getPlayerRating","line":96,"loc":{"start":{"line":96,"column":4},"end":{"line":96,"column":48}}},"9":{"name":"(anonymous_9)","line":112,"loc":{"start":{"line":112,"column":63},"end":{"line":112,"column":80}}},"10":{"name":"(anonymous_10)","line":127,"loc":{"start":{"line":127,"column":23},"end":{"line":127,"column":34}}},"11":{"name":"setPlayerRating","line":129,"loc":{"start":{"line":129,"column":4},"end":{"line":129,"column":43}}}},"statementMap":{"1":{"start":{"line":4,"column":0},"end":{"line":4,"column":32}},"2":{"start":{"line":5,"column":0},"end":{"line":5,"column":31}},"3":{"start":{"line":6,"column":0},"end":{"line":6,"column":21}},"4":{"start":{"line":8,"column":0},"end":{"line":8,"column":19}},"5":{"start":{"line":9,"column":0},"end":{"line":9,"column":32}},"6":{"start":{"line":10,"column":0},"end":{"line":10,"column":27}},"7":{"start":{"line":25,"column":0},"end":{"line":78,"column":5}},"8":{"start":{"line":27,"column":4},"end":{"line":27,"column":29}},"9":{"start":{"line":29,"column":4},"end":{"line":29,"column":23}},"10":{"start":{"line":30,"column":4},"end":{"line":30,"column":35}},"11":{"start":{"line":31,"column":4},"end":{"line":39,"column":5}},"12":{"start":{"line":32,"column":8},"end":{"line":32,"column":33}},"13":{"start":{"line":33,"column":8},"end":{"line":37,"column":9}},"14":{"start":{"line":34,"column":12},"end":{"line":34,"column":58}},"15":{"start":{"line":36,"column":12},"end":{"line":36,"column":52}},"16":{"start":{"line":38,"column":8},"end":{"line":38,"column":32}},"17":{"start":{"line":40,"column":4},"end":{"line":75,"column":5}},"18":{"start":{"line":41,"column":8},"end":{"line":41,"column":27}},"19":{"start":{"line":43,"column":8},"end":{"line":43,"column":39}},"20":{"start":{"line":44,"column":8},"end":{"line":48,"column":9}},"21":{"start":{"line":45,"column":12},"end":{"line":45,"column":40}},"22":{"start":{"line":46,"column":15},"end":{"line":48,"column":9}},"23":{"start":{"line":47,"column":12},"end":{"line":47,"column":46}},"24":{"start":{"line":49,"column":8},"end":{"line":74,"column":9}},"25":{"start":{"line":50,"column":12},"end":{"line":50,"column":33}},"26":{"start":{"line":51,"column":12},"end":{"line":51,"column":36}},"27":{"start":{"line":52,"column":12},"end":{"line":52,"column":38}},"28":{"start":{"line":53,"column":12},"end":{"line":53,"column":31}},"29":{"start":{"line":54,"column":12},"end":{"line":58,"column":13}},"30":{"start":{"line":55,"column":16},"end":{"line":55,"column":53}},"31":{"start":{"line":57,"column":16},"end":{"line":57,"column":45}},"32":{"start":{"line":59,"column":12},"end":{"line":71,"column":15}},"33":{"start":{"line":60,"column":16},"end":{"line":63,"column":17}},"34":{"start":{"line":61,"column":20},"end":{"line":61,"column":48}},"35":{"start":{"line":62,"column":20},"end":{"line":62,"column":115}},"36":{"start":{"line":64,"column":16},"end":{"line":64,"column":41}},"37":{"start":{"line":66,"column":16},"end":{"line":66,"column":57}},"38":{"start":{"line":68,"column":16},"end":{"line":68,"column":74}},"39":{"start":{"line":69,"column":16},"end":{"line":69,"column":57}},"40":{"start":{"line":70,"column":16},"end":{"line":70,"column":39}},"41":{"start":{"line":73,"column":12},"end":{"line":73,"column":53}},"42":{"start":{"line":76,"column":4},"end":{"line":76,"column":21}},"43":{"start":{"line":77,"column":4},"end":{"line":77,"column":23}},"44":{"start":{"line":80,"column":0},"end":{"line":83,"column":1}},"45":{"start":{"line":81,"column":4},"end":{"line":81,"column":55}},"46":{"start":{"line":82,"column":4},"end":{"line":82,"column":48}},"47":{"start":{"line":92,"column":0},"end":{"line":136,"column":5}},"48":{"start":{"line":93,"column":4},"end":{"line":93,"column":28}},"49":{"start":{"line":94,"column":4},"end":{"line":94,"column":39}},"50":{"start":{"line":95,"column":4},"end":{"line":95,"column":35}},"51":{"start":{"line":96,"column":4},"end":{"line":128,"column":5}},"52":{"start":{"line":98,"column":8},"end":{"line":98,"column":62}},"53":{"start":{"line":99,"column":8},"end":{"line":99,"column":72}},"54":{"start":{"line":101,"column":8},"end":{"line":101,"column":64}},"55":{"start":{"line":104,"column":8},"end":{"line":124,"column":9}},"56":{"start":{"line":107,"column":12},"end":{"line":107,"column":32}},"57":{"start":{"line":108,"column":12},"end":{"line":110,"column":13}},"58":{"start":{"line":109,"column":16},"end":{"line":109,"column":52}},"59":{"start":{"line":111,"column":12},"end":{"line":111,"column":77}},"60":{"start":{"line":112,"column":12},"end":{"line":122,"column":15}},"61":{"start":{"line":113,"column":16},"end":{"line":113,"column":64}},"62":{"start":{"line":114,"column":16},"end":{"line":114,"column":60}},"63":{"start":{"line":115,"column":16},"end":{"line":115,"column":77}},"64":{"start":{"line":116,"column":16},"end":{"line":116,"column":70}},"65":{"start":{"line":117,"column":16},"end":{"line":120,"column":20}},"66":{"start":{"line":121,"column":16},"end":{"line":121,"column":30}},"67":{"start":{"line":123,"column":12},"end":{"line":123,"column":64}},"68":{"start":{"line":127,"column":8},"end":{"line":127,"column":82}},"69":{"start":{"line":127,"column":36},"end":{"line":127,"column":78}},"70":{"start":{"line":129,"column":4},"end":{"line":131,"column":5}},"71":{"start":{"line":130,"column":8},"end":{"line":130,"column":52}},"72":{"start":{"line":132,"column":4},"end":{"line":135,"column":6}},"73":{"start":{"line":140,"column":0},"end":{"line":140,"column":64}},"74":{"start":{"line":141,"column":0},"end":{"line":141,"column":64}},"75":{"start":{"line":142,"column":0},"end":{"line":142,"column":48}}},"branchMap":{"1":{"line":33,"type":"if","locations":[{"start":{"line":33,"column":8},"end":{"line":33,"column":8}},{"start":{"line":33,"column":8},"end":{"line":33,"column":8}}]},"2":{"line":44,"type":"if","locations":[{"start":{"line":44,"column":8},"end":{"line":44,"column":8}},{"start":{"line":44,"column":8},"end":{"line":44,"column":8}}]},"3":{"line":46,"type":"if","locations":[{"start":{"line":46,"column":15},"end":{"line":46,"column":15}},{"start":{"line":46,"column":15},"end":{"line":46,"column":15}}]},"4":{"line":49,"type":"if","locations":[{"start":{"line":49,"column":8},"end":{"line":49,"column":8}},{"start":{"line":49,"column":8},"end":{"line":49,"column":8}}]},"5":{"line":54,"type":"if","locations":[{"start":{"line":54,"column":12},"end":{"line":54,"column":12}},{"start":{"line":54,"column":12},"end":{"line":54,"column":12}}]},"6":{"line":60,"type":"if","locations":[{"start":{"line":60,"column":16},"end":{"line":60,"column":16}},{"start":{"line":60,"column":16},"end":{"line":60,"column":16}}]},"7":{"line":104,"type":"if","locations":[{"start":{"line":104,"column":8},"end":{"line":104,"column":8}},{"start":{"line":104,"column":8},"end":{"line":104,"column":8}}]},"8":{"line":104,"type":"binary-expr","locations":[{"start":{"line":104,"column":13},"end":{"line":104,"column":25}},{"start":{"line":104,"column":29},"end":{"line":104,"column":61}},{"start":{"line":104,"column":66},"end":{"line":104,"column":74}}]},"9":{"line":108,"type":"if","locations":[{"start":{"line":108,"column":12},"end":{"line":108,"column":12}},{"start":{"line":108,"column":12},"end":{"line":108,"column":12}}]}}},"/home/me/code/Chesster/http.js":{"path":"/home/me/code/Chesster/http.js","s":{"1":1,"2":1,"3":1,"4":0,"5":0,"6":0,"7":0,"8":0,"9":0,"10":0,"11":0,"12":0,"13":0,"14":1,"15":0,"16":0,"17":0,"18":0,"19":0,"20":0,"21":0,"22":0,"23":0,"24":1,"25":1},"b":{"1":[0,0]},"f":{"1":0,"2":0,"3":0,"4":0,"5":0},"fnMap":{"1":{"name":"fetchURL","line":7,"loc":{"start":{"line":7,"column":0},"end":{"line":7,"column":22}}},"2":{"name":"(anonymous_2)","line":11,"loc":{"start":{"line":11,"column":23},"end":{"line":11,"column":40}}},"3":{"name":"fetchURLIntoJSON","line":23,"loc":{"start":{"line":23,"column":0},"end":{"line":23,"column":30}}},"4":{"name":"(anonymous_4)","line":25,"loc":{"start":{"line":25,"column":23},"end":{"line":25,"column":40}}},"5":{"name":"(anonymous_5)","line":33,"loc":{"start":{"line":33,"column":7},"end":{"line":33,"column":23}}}},"statementMap":{"1":{"start":{"line":4,"column":0},"end":{"line":4,"column":29}},"2":{"start":{"line":5,"column":0},"end":{"line":5,"column":21}},"3":{"start":{"line":7,"column":0},"end":{"line":22,"column":1}},"4":{"start":{"line":8,"column":4},"end":{"line":8,"column":29}},"5":{"start":{"line":9,"column":4},"end":{"line":20,"column":7}},"6":{"start":{"line":10,"column":8},"end":{"line":10,"column":22}},"7":{"start":{"line":11,"column":8},"end":{"line":13,"column":11}},"8":{"start":{"line":12,"column":12},"end":{"line":12,"column":26}},"9":{"start":{"line":14,"column":8},"end":{"line":16,"column":11}},"10":{"start":{"line":15,"column":12},"end":{"line":15,"column":62}},"11":{"start":{"line":18,"column":8},"end":{"line":18,"column":41}},"12":{"start":{"line":19,"column":8},"end":{"line":19,"column":69}},"13":{"start":{"line":21,"column":4},"end":{"line":21,"column":28}},"14":{"start":{"line":23,"column":0},"end":{"line":37,"column":1}},"15":{"start":{"line":24,"column":4},"end":{"line":24,"column":29}},"16":{"start":{"line":25,"column":4},"end":{"line":35,"column":7}},"17":{"start":{"line":26,"column":8},"end":{"line":26,"column":46}},"18":{"start":{"line":27,"column":8},"end":{"line":32,"column":9}},"19":{"start":{"line":28,"column":12},"end":{"line":28,"column":34}},"20":{"start":{"line":29,"column":12},"end":{"line":29,"column":37}},"21":{"start":{"line":31,"column":12},"end":{"line":31,"column":72}},"22":{"start":{"line":34,"column":8},"end":{"line":34,"column":31}},"23":{"start":{"line":36,"column":4},"end":{"line":36,"column":28}},"24":{"start":{"line":40,"column":0},"end":{"line":40,"column":35}},"25":{"start":{"line":41,"column":0},"end":{"line":41,"column":51}}},"branchMap":{"1":{"line":27,"type":"if","locations":[{"start":{"line":27,"column":8},"end":{"line":27,"column":8}},{"start":{"line":27,"column":8},"end":{"line":27,"column":8}}]}}}}