TN:
SF:/home/me/code/Chesster/fuzzy_match.js
FN:32,findBestMatches
FN:36,(anonymous_2)
FN:41,(anonymous_3)
FN:56,rank_choices
FN:61,(anonymous_5)
FNF:5
FNH:5
FNDA:2,findBestMatches
FNDA:1,(anonymous_2)
FNDA:3,(anonymous_3)
FNDA:2,rank_choices
FNDA:5,(anonymous_5)
DA:1,1
DA:3,1
DA:10,1
DA:18,1
DA:26,1
DA:32,1
DA:33,2
DA:34,0
DA:36,2
DA:37,1
DA:39,2
DA:40,2
DA:41,2
DA:42,3
DA:43,3
DA:44,3
DA:45,3
DA:46,0
DA:48,3
DA:53,2
DA:56,1
DA:57,2
DA:58,0
DA:60,2
DA:61,2
DA:62,5
DA:65,5
DA:66,3
DA:69,2
DA:72,1
DA:73,1
LF:31
LH:28
BRDA:33,1,0,0
BRDA:33,1,1,2
BRDA:44,2,0,3
BRDA:44,2,1,0
BRDA:45,3,0,0
BRDA:45,3,1,3
BRDA:57,4,0,0
BRDA:57,4,1,2
BRDA:65,5,0,3
BRDA:65,5,1,2
BRF:10
BRH:6
end_of_record
TN:
SF:/home/me/code/Chesster/league.js
FN:75,(anonymous_1)
FN:83,(anonymous_2)
FN:85,(anonymous_3)
FN:94,(anonymous_4)
FN:108,(anonymous_5)
FN:124,(anonymous_6)
FN:127,(anonymous_7)
FN:136,(anonymous_8)
FN:161,processPlayer
FN:187,(anonymous_10)
FN:188,(anonymous_11)
FN:193,(anonymous_12)
FN:196,(anonymous_13)
FN:211,(anonymous_14)
FN:223,(anonymous_15)
FN:226,(anonymous_16)
FN:261,(anonymous_17)
FN:266,filter
FN:268,(anonymous_19)
FN:283,(anonymous_20)
FN:285,(anonymous_21)
FN:292,(anonymous_22)
FN:295,(anonymous_23)
FN:307,(anonymous_24)
FN:309,(anonymous_25)
FN:327,(anonymous_26)
FN:330,(anonymous_27)
FN:333,(anonymous_28)
FN:346,(anonymous_29)
FN:347,getRatingString
FN:351,(anonymous_31)
FN:389,(anonymous_32)
FN:391,(anonymous_33)
FN:404,(anonymous_34)
FN:406,(anonymous_35)
FN:421,(anonymous_36)
FN:423,(anonymous_37)
FN:437,(anonymous_38)
FN:439,(anonymous_39)
FN:452,(anonymous_40)
FN:454,(anonymous_41)
FN:467,(anonymous_42)
FN:469,(anonymous_43)
FN:471,(anonymous_44)
FN:480,(anonymous_45)
FN:482,(anonymous_46)
FN:489,(anonymous_47)
FN:491,(anonymous_48)
FN:493,(anonymous_49)
FN:504,(anonymous_50)
FN:506,(anonymous_51)
FN:514,(anonymous_52)
FN:529,(anonymous_53)
FN:531,(anonymous_54)
FN:537,(anonymous_55)
FN:557,(anonymous_56)
FN:559,(anonymous_57)
FN:567,(anonymous_58)
FN:576,(anonymous_59)
FN:578,(anonymous_60)
FN:584,(anonymous_61)
FN:586,(anonymous_62)
FN:589,(anonymous_63)
FN:599,(anonymous_64)
FN:601,(anonymous_65)
FN:607,(anonymous_66)
FN:618,(anonymous_67)
FN:627,(anonymous_68)
FN:629,(anonymous_69)
FN:632,(anonymous_70)
FN:639,(anonymous_71)
FN:641,(anonymous_72)
FN:644,(anonymous_73)
FN:650,League
FN:656,getAllLeagues
FN:659,(anonymous_76)
FN:665,(anonymous_77)
FN:667,(anonymous_78)
FNF:78
FNH:14
FNDA:312,(anonymous_1)
FNDA:0,(anonymous_2)
FNDA:0,(anonymous_3)
FNDA:0,(anonymous_4)
FNDA:1,(anonymous_5)
FNDA:9,(anonymous_6)
FNDA:1,(anonymous_7)
FNDA:99,(anonymous_8)
FNDA:156,processPlayer
FNDA:26,(anonymous_10)
FNDA:156,(anonymous_11)
FNDA:156,(anonymous_12)
FNDA:0,(anonymous_13)
FNDA:1,(anonymous_14)
FNDA:1,(anonymous_15)
FNDA:99,(anonymous_16)
FNDA:0,(anonymous_17)
FNDA:0,filter
FNDA:0,(anonymous_19)
FNDA:0,(anonymous_20)
FNDA:0,(anonymous_21)
FNDA:0,(anonymous_22)
FNDA:0,(anonymous_23)
FNDA:0,(anonymous_24)
FNDA:0,(anonymous_25)
FNDA:0,(anonymous_26)
FNDA:0,(anonymous_27)
FNDA:0,(anonymous_28)
FNDA:0,(anonymous_29)
FNDA:0,getRatingString
FNDA:0,(anonymous_31)
FNDA:0,(anonymous_32)
FNDA:0,(anonymous_33)
FNDA:0,(anonymous_34)
FNDA:0,(anonymous_35)
FNDA:0,(anonymous_36)
FNDA:0,(anonymous_37)
FNDA:0,(anonymous_38)
FNDA:0,(anonymous_39)
FNDA:0,(anonymous_40)
FNDA:0,(anonymous_41)
FNDA:0,(anonymous_42)
FNDA:0,(anonymous_43)
FNDA:0,(anonymous_44)
FNDA:0,(anonymous_45)
FNDA:0,(anonymous_46)
FNDA:0,(anonymous_47)
FNDA:0,(anonymous_48)
FNDA:0,(anonymous_49)
FNDA:0,(anonymous_50)
FNDA:0,(anonymous_51)
FNDA:0,(anonymous_52)
FNDA:0,(anonymous_53)
FNDA:0,(anonymous_54)
FNDA:0,(anonymous_55)
FNDA:0,(anonymous_56)
FNDA:0,(anonymous_57)
FNDA:0,(anonymous_58)
FNDA:0,(anonymous_59)
FNDA:0,(anonymous_60)
FNDA:0,(anonymous_61)
FNDA:0,(anonymous_62)
FNDA:0,(anonymous_63)
FNDA:0,(anonymous_64)
FNDA:0,(anonymous_65)
FNDA:0,(anonymous_66)
FNDA:0,(anonymous_67)
FNDA:0,(anonymous_68)
FNDA:0,(anonymous_69)
FNDA:0,(anonymous_70)
FNDA:0,(anonymous_71)
FNDA:0,(anonymous_72)
FNDA:0,(anonymous_73)
FNDA:1,League
FNDA:0,getAllLeagues
FNDA:0,(anonymous_76)
FNDA:1,(anonymous_77)
FNDA:0,(anonymous_78)
DA:5,1
DA:6,1
DA:7,1
DA:8,1
DA:9,1
DA:11,1
DA:13,1
DA:14,1
DA:15,1
DA:16,1
DA:18,1
DA:19,1
DA:20,1
DA:43,1
DA:76,312
DA:77,312
DA:84,0
DA:85,0
DA:86,0
DA:87,0
DA:88,0
DA:90,0
DA:92,0
DA:94,0
DA:95,0
DA:96,0
DA:97,0
DA:99,0
DA:101,0
DA:109,1
DA:116,1
DA:117,1
DA:118,1
DA:119,1
DA:121,1
DA:125,9
DA:128,1
DA:129,0
DA:130,0
DA:132,0
DA:135,1
DA:136,1
DA:137,99
DA:152,72
DA:154,27
DA:156,1
DA:158,26
DA:159,26
DA:160,26
DA:161,1
DA:162,156
DA:163,156
DA:164,156
DA:169,156
DA:170,26
DA:172,156
DA:174,26
DA:175,26
DA:176,26
DA:177,26
DA:178,26
DA:179,26
DA:181,26
DA:182,26
DA:184,26
DA:186,1
DA:187,1
DA:188,26
DA:189,156
DA:190,156
DA:191,156
DA:193,156
DA:194,156
DA:195,156
DA:197,0
DA:203,1
DA:212,1
DA:219,1
DA:220,1
DA:224,1
DA:225,1
DA:226,1
DA:227,99
DA:228,78
DA:229,0
DA:231,78
DA:233,78
DA:234,78
DA:235,78
DA:240,78
DA:241,3
DA:243,78
DA:251,1
DA:252,1
DA:262,0
DA:263,0
DA:265,0
DA:266,1
DA:267,0
DA:268,0
DA:269,0
DA:276,0
DA:277,0
DA:278,0
DA:284,0
DA:285,0
DA:286,0
DA:293,0
DA:295,0
DA:296,0
DA:308,0
DA:309,0
DA:310,0
DA:311,0
DA:312,0
DA:315,0
DA:316,0
DA:322,0
DA:323,0
DA:324,0
DA:326,0
DA:328,0
DA:329,0
DA:330,0
DA:331,0
DA:332,0
DA:334,0
DA:335,0
DA:338,0
DA:340,0
DA:347,1
DA:348,0
DA:350,0
DA:351,0
DA:352,0
DA:353,0
DA:354,0
DA:356,0
DA:357,0
DA:359,0
DA:360,0
DA:361,0
DA:362,0
DA:364,0
DA:365,0
DA:369,0
DA:370,0
DA:377,0
DA:390,0
DA:391,0
DA:392,0
DA:393,0
DA:395,0
DA:405,0
DA:406,0
DA:407,0
DA:408,0
DA:412,0
DA:422,0
DA:423,0
DA:424,0
DA:425,0
DA:428,0
DA:438,0
DA:439,0
DA:440,0
DA:441,0
DA:443,0
DA:453,0
DA:454,0
DA:455,0
DA:456,0
DA:458,0
DA:468,0
DA:469,0
DA:470,0
DA:471,0
DA:472,0
DA:474,0
DA:481,0
DA:482,0
DA:483,0
DA:490,0
DA:491,0
DA:492,0
DA:493,0
DA:494,0
DA:495,0
DA:498,0
DA:505,0
DA:506,0
DA:507,0
DA:508,0
DA:512,0
DA:513,0
DA:514,0
DA:515,0
DA:516,0
DA:517,0
DA:519,0
DA:521,0
DA:523,0
DA:530,0
DA:531,0
DA:532,0
DA:533,0
DA:537,0
DA:538,0
DA:540,0
DA:541,0
DA:543,0
DA:544,0
DA:546,0
DA:547,0
DA:548,0
DA:550,0
DA:558,0
DA:559,0
DA:560,0
DA:561,0
DA:565,0
DA:566,0
DA:567,0
DA:568,0
DA:570,0
DA:577,0
DA:578,0
DA:579,0
DA:580,0
DA:584,0
DA:585,0
DA:586,0
DA:587,0
DA:589,0
DA:590,0
DA:592,0
DA:600,0
DA:601,0
DA:602,0
DA:603,0
DA:607,0
DA:608,0
DA:610,0
DA:611,0
DA:613,0
DA:614,0
DA:616,0
DA:617,0
DA:618,0
DA:619,0
DA:621,0
DA:628,0
DA:629,0
DA:630,0
DA:632,0
DA:633,0
DA:640,0
DA:641,0
DA:642,0
DA:644,0
DA:645,0
DA:650,1
DA:651,1
DA:652,1
DA:653,1
DA:656,1
DA:657,0
DA:658,0
DA:659,0
DA:660,0
DA:662,0
DA:665,1
DA:666,1
DA:667,1
DA:669,0
DA:671,0
DA:672,0
DA:673,0
DA:674,0
DA:675,0
DA:676,0
DA:677,0
DA:678,0
DA:680,0
DA:683,0
DA:687,1
DA:688,1
DA:689,1
LF:288
LH:89
BRDA:86,1,0,0
BRDA:86,1,1,0
BRDA:95,2,0,0
BRDA:95,2,1,0
BRDA:118,3,0,1
BRDA:118,3,1,0
BRDA:128,4,0,0
BRDA:128,4,1,1
BRDA:129,5,0,0
BRDA:129,5,1,0
BRDA:137,6,0,72
BRDA:137,6,1,27
BRDA:138,7,0,99
BRDA:138,7,1,29
BRDA:138,7,2,29
BRDA:138,7,3,27
BRDA:138,7,4,27
BRDA:138,7,5,27
BRDA:138,7,6,27
BRDA:138,7,7,27
BRDA:138,7,8,27
BRDA:138,7,9,27
BRDA:138,7,10,27
BRDA:138,7,11,27
BRDA:138,7,12,27
BRDA:154,8,0,1
BRDA:154,8,1,26
BRDA:169,9,0,26
BRDA:169,9,1,130
BRDA:169,10,0,156
BRDA:169,10,1,26
BRDA:189,11,0,156
BRDA:189,11,1,0
BRDA:189,12,0,156
BRDA:189,12,1,156
BRDA:190,13,0,156
BRDA:190,13,1,0
BRDA:190,14,0,156
BRDA:190,14,1,156
BRDA:224,15,0,0
BRDA:224,15,1,1
BRDA:227,16,0,21
BRDA:227,16,1,78
BRDA:227,17,0,99
BRDA:227,17,1,78
BRDA:228,18,0,0
BRDA:228,18,1,78
BRDA:229,19,0,0
BRDA:229,19,1,0
BRDA:233,20,0,78
BRDA:233,20,1,3
BRDA:240,21,0,3
BRDA:240,21,1,75
BRDA:262,22,0,0
BRDA:262,22,1,0
BRDA:267,23,0,0
BRDA:267,23,1,0
BRDA:270,24,0,0
BRDA:270,24,1,0
BRDA:311,25,0,0
BRDA:311,25,1,0
BRDA:322,26,0,0
BRDA:322,26,1,0
BRDA:329,27,0,0
BRDA:329,27,1,0
BRDA:348,28,0,0
BRDA:348,28,1,0
BRDA:353,29,0,0
BRDA:353,29,1,0
BRDA:359,30,0,0
BRDA:359,30,1,0
BRDA:359,31,0,0
BRDA:359,31,1,0
BRDA:362,32,0,0
BRDA:362,32,1,0
BRDA:392,33,0,0
BRDA:392,33,1,0
BRDA:392,34,0,0
BRDA:392,34,1,0
BRDA:407,35,0,0
BRDA:407,35,1,0
BRDA:407,36,0,0
BRDA:407,36,1,0
BRDA:424,37,0,0
BRDA:424,37,1,0
BRDA:424,38,0,0
BRDA:424,38,1,0
BRDA:440,39,0,0
BRDA:440,39,1,0
BRDA:440,40,0,0
BRDA:440,40,1,0
BRDA:455,41,0,0
BRDA:455,41,1,0
BRDA:455,42,0,0
BRDA:455,42,1,0
BRDA:494,43,0,0
BRDA:494,43,1,0
BRDA:507,44,0,0
BRDA:507,44,1,0
BRDA:516,45,0,0
BRDA:516,45,1,0
BRDA:532,46,0,0
BRDA:532,46,1,0
BRDA:540,47,0,0
BRDA:540,47,1,0
BRDA:543,48,0,0
BRDA:543,48,1,0
BRDA:547,49,0,0
BRDA:547,49,1,0
BRDA:547,50,0,0
BRDA:547,50,1,0
BRDA:560,51,0,0
BRDA:560,51,1,0
BRDA:579,52,0,0
BRDA:579,52,1,0
BRDA:587,53,0,0
BRDA:587,53,1,0
BRDA:587,54,0,0
BRDA:587,54,1,0
BRDA:602,55,0,0
BRDA:602,55,1,0
BRDA:610,56,0,0
BRDA:610,56,1,0
BRDA:613,57,0,0
BRDA:613,57,1,0
BRDA:652,58,0,1
BRDA:652,58,1,0
BRDA:658,59,0,0
BRDA:658,59,1,0
BRDA:669,60,0,0
BRDA:669,60,1,0
BRDA:671,61,0,0
BRDA:671,61,1,0
BRDA:672,62,0,0
BRDA:672,62,1,0
BRDA:673,63,0,0
BRDA:673,63,1,0
BRF:137
BRH:40
end_of_record
TN:
SF:/home/me/code/Chesster/slack.js
FN:10,StopControllerError
FN:20,(anonymous_2)
FN:23,(anonymous_3)
FN:26,(anonymous_4)
FN:33,(anonymous_5)
FN:36,(anonymous_6)
FN:41,updatesUsers
FN:43,(anonymous_8)
FN:64,updateChannels
FN:66,(anonymous_10)
FN:98,refresh
FN:99,(anonymous_12)
FN:105,(anonymous_13)
FN:108,(anonymous_14)
FN:114,criticalPath
FN:115,(anonymous_16)
FN:123,exceptionLogger
FN:125,(anonymous_18)
FN:136,botExceptionHandler
FN:137,(anonymous_20)
FN:145,localTime
FN:152,isModerator
FN:153,(anonymous_23)
FN:165,requiresModerator
FN:166,(anonymous_25)
FN:182,withLeague
FN:183,(anonymous_27)
FN:192,add_target
FN:196,(anonymous_29)
FN:198,(anonymous_30)
FN:206,(anonymous_31)
FN:208,(anonymous_32)
FN:214,(anonymous_33)
FN:243,requiresLeague
FN:244,(anonymous_35)
FN:259,hears
FN:262,(anonymous_37)
FN:263,(anonymous_38)
FN:275,(anonymous_39)
FN:278,(anonymous_40)
FN:280,(anonymous_41)
FN:294,on
FN:297,(anonymous_43)
FN:298,(anonymous_44)
FN:305,(anonymous_45)
FN:308,(anonymous_46)
FN:310,(anonymous_47)
FN:328,Bot
FN:343,(anonymous_49)
FNF:49
FNH:0
FNDA:0,StopControllerError
FNDA:0,(anonymous_2)
FNDA:0,(anonymous_3)
FNDA:0,(anonymous_4)
FNDA:0,(anonymous_5)
FNDA:0,(anonymous_6)
FNDA:0,updatesUsers
FNDA:0,(anonymous_8)
FNDA:0,updateChannels
FNDA:0,(anonymous_10)
FNDA:0,refresh
FNDA:0,(anonymous_12)
FNDA:0,(anonymous_13)
FNDA:0,(anonymous_14)
FNDA:0,criticalPath
FNDA:0,(anonymous_16)
FNDA:0,exceptionLogger
FNDA:0,(anonymous_18)
FNDA:0,botExceptionHandler
FNDA:0,(anonymous_20)
FNDA:0,localTime
FNDA:0,isModerator
FNDA:0,(anonymous_23)
FNDA:0,requiresModerator
FNDA:0,(anonymous_25)
FNDA:0,withLeague
FNDA:0,(anonymous_27)
FNDA:0,add_target
FNDA:0,(anonymous_29)
FNDA:0,(anonymous_30)
FNDA:0,(anonymous_31)
FNDA:0,(anonymous_32)
FNDA:0,(anonymous_33)
FNDA:0,requiresLeague
FNDA:0,(anonymous_35)
FNDA:0,hears
FNDA:0,(anonymous_37)
FNDA:0,(anonymous_38)
FNDA:0,(anonymous_39)
FNDA:0,(anonymous_40)
FNDA:0,(anonymous_41)
FNDA:0,on
FNDA:0,(anonymous_43)
FNDA:0,(anonymous_44)
FNDA:0,(anonymous_45)
FNDA:0,(anonymous_46)
FNDA:0,(anonymous_47)
FNDA:0,Bot
FNDA:0,(anonymous_49)
DA:4,1
DA:5,1
DA:6,1
DA:7,1
DA:8,1
DA:10,1
DA:11,1
DA:14,1
DA:15,1
DA:17,1
DA:21,0
DA:24,0
DA:27,0
DA:30,1
DA:34,0
DA:37,0
DA:41,1
DA:43,0
DA:44,0
DA:45,0
DA:48,0
DA:49,0
DA:50,0
DA:51,0
DA:52,0
DA:53,0
DA:54,0
DA:55,0
DA:57,0
DA:58,0
DA:60,0
DA:64,1
DA:66,0
DA:67,0
DA:68,0
DA:71,0
DA:72,0
DA:73,0
DA:74,0
DA:75,0
DA:76,0
DA:77,0
DA:78,0
DA:80,0
DA:81,0
DA:83,0
DA:97,1
DA:98,1
DA:99,0
DA:100,0
DA:101,0
DA:103,0
DA:104,0
DA:105,0
DA:106,0
DA:108,0
DA:109,0
DA:114,1
DA:115,0
DA:116,0
DA:117,0
DA:119,0
DA:123,1
DA:124,0
DA:125,0
DA:126,0
DA:130,0
DA:131,0
DA:133,0
DA:136,1
DA:137,0
DA:138,0
DA:139,0
DA:142,0
DA:145,1
DA:146,0
DA:152,1
DA:153,0
DA:154,0
DA:155,0
DA:157,0
DA:165,1
DA:166,0
DA:167,0
DA:168,0
DA:170,0
DA:171,0
DA:173,0
DA:174,0
DA:177,0
DA:182,1
DA:183,0
DA:184,0
DA:189,0
DA:190,0
DA:191,0
DA:192,1
DA:193,0
DA:194,0
DA:196,0
DA:197,0
DA:198,0
DA:199,0
DA:204,0
DA:205,0
DA:206,0
DA:207,0
DA:208,0
DA:209,0
DA:212,0
DA:213,0
DA:214,0
DA:215,0
DA:216,0
DA:218,0
DA:219,0
DA:220,0
DA:222,0
DA:223,0
DA:224,0
DA:225,0
DA:230,0
DA:231,0
DA:232,0
DA:233,0
DA:234,0
DA:235,0
DA:236,0
DA:240,0
DA:243,1
DA:244,0
DA:245,0
DA:246,0
DA:247,0
DA:256,1
DA:259,1
DA:260,0
DA:261,0
DA:262,0
DA:263,0
DA:264,0
DA:269,0
DA:270,0
DA:272,0
DA:273,0
DA:274,0
DA:276,0
DA:279,0
DA:281,0
DA:282,0
DA:284,0
DA:291,1
DA:294,1
DA:295,0
DA:296,0
DA:297,0
DA:298,0
DA:299,0
DA:300,0
DA:301,0
DA:302,0
DA:304,0
DA:306,0
DA:309,0
DA:311,0
DA:312,0
DA:314,0
DA:323,1
DA:328,1
DA:329,0
DA:330,0
DA:331,0
DA:332,0
DA:333,0
DA:334,0
DA:335,0
DA:338,0
DA:341,0
DA:344,0
DA:345,0
DA:350,0
DA:353,0
DA:354,0
DA:357,1
DA:358,1
DA:359,1
DA:360,1
DA:361,1
DA:362,1
LF:189
LH:36
BRDA:27,1,0,0
BRDA:27,1,1,0
BRDA:44,2,0,0
BRDA:44,2,1,0
BRDA:48,3,0,0
BRDA:48,3,1,0
BRDA:48,4,0,0
BRDA:48,4,1,0
BRDA:67,5,0,0
BRDA:67,5,1,0
BRDA:71,6,0,0
BRDA:71,6,1,0
BRDA:71,7,0,0
BRDA:71,7,1,0
BRDA:154,8,0,0
BRDA:154,8,1,0
BRDA:167,9,0,0
BRDA:167,9,1,0
BRDA:170,10,0,0
BRDA:170,10,1,0
BRDA:173,11,0,0
BRDA:173,11,1,0
BRDA:219,12,0,0
BRDA:219,12,1,0
BRDA:222,13,0,0
BRDA:222,13,1,0
BRDA:231,14,0,0
BRDA:231,14,1,0
BRDA:231,15,0,0
BRDA:231,15,1,0
BRDA:234,16,0,0
BRDA:234,16,1,0
BRDA:245,17,0,0
BRDA:245,17,1,0
BRDA:245,18,0,0
BRDA:245,18,1,0
BRDA:269,19,0,0
BRDA:269,19,1,0
BRDA:281,20,0,0
BRDA:281,20,1,0
BRDA:300,21,0,0
BRDA:300,21,1,0
BRDA:311,22,0,0
BRDA:311,22,1,0
BRDA:333,23,0,0
BRDA:333,23,1,0
BRDA:344,24,0,0
BRDA:344,24,1,0
BRF:48
BRH:0
end_of_record
TN:
SF:/home/me/code/Chesster/spreadsheets.js
FN:73,(anonymous_1)
FN:74,(anonymous_2)
FN:117,ScheduleParsingError
FN:119,PairingError
FN:123,getTokensScheduling
FN:129,(anonymous_6)
FN:136,(anonymous_7)
FN:137,(anonymous_8)
FN:150,getPossibleDateStrings
FN:185,(anonymous_10)
FN:196,(anonymous_11)
FN:203,(anonymous_12)
FN:210,(anonymous_13)
FN:225,parseScheduling
FN:244,(anonymous_15)
FN:245,(anonymous_16)
FN:311,getRoundExtrema
FN:350,getRows
FN:353,getRowImplementation
FN:355,(anonymous_20)
FN:359,(anonymous_21)
FN:381,(anonymous_22)
FN:386,(anonymous_23)
FN:396,(anonymous_24)
FN:404,(anonymous_25)
FN:421,getPairingRows
FN:425,(anonymous_27)
FN:434,findPairing
FN:439,rowMatchesPairing
FN:456,(anonymous_30)
FN:477,updateSchedule
FN:481,(anonymous_32)
FN:489,(anonymous_33)
FN:496,parseResult
FN:508,getTokensResult
FN:512,findResult
FN:514,(anonymous_37)
FN:520,findPlayers
FN:537,filterPlayerTokens
FN:538,(anonymous_40)
FN:546,updateResult
FN:556,(anonymous_42)
FN:600,(anonymous_43)
FN:608,parseGamelink
FN:615,(anonymous_45)
FN:634,fetchPairingGameLink
FN:643,(anonymous_47)
FN:660,parseHyperlink
FNF:48
FNH:12
FNDA:50,(anonymous_1)
FNDA:250,(anonymous_2)
FNDA:0,ScheduleParsingError
FNDA:0,PairingError
FNDA:0,getTokensScheduling
FNDA:0,(anonymous_6)
FNDA:0,(anonymous_7)
FNDA:0,(anonymous_8)
FNDA:0,getPossibleDateStrings
FNDA:0,(anonymous_10)
FNDA:0,(anonymous_11)
FNDA:0,(anonymous_12)
FNDA:0,(anonymous_13)
FNDA:0,parseScheduling
FNDA:0,(anonymous_15)
FNDA:0,(anonymous_16)
FNDA:0,getRoundExtrema
FNDA:2,getRows
FNDA:2,getRowImplementation
FNDA:2,(anonymous_20)
FNDA:18,(anonymous_21)
FNDA:2,(anonymous_22)
FNDA:2800,(anonymous_23)
FNDA:30,(anonymous_24)
FNDA:198,(anonymous_25)
FNDA:1,getPairingRows
FNDA:9,(anonymous_27)
FNDA:0,findPairing
FNDA:0,rowMatchesPairing
FNDA:0,(anonymous_30)
FNDA:0,updateSchedule
FNDA:0,(anonymous_32)
FNDA:0,(anonymous_33)
FNDA:0,parseResult
FNDA:0,getTokensResult
FNDA:0,findResult
FNDA:0,(anonymous_37)
FNDA:0,findPlayers
FNDA:0,filterPlayerTokens
FNDA:0,(anonymous_40)
FNDA:0,updateResult
FNDA:0,(anonymous_42)
FNDA:0,(anonymous_43)
FNDA:0,parseGamelink
FNDA:0,(anonymous_45)
FNDA:0,fetchPairingGameLink
FNDA:0,(anonymous_47)
FNDA:0,parseHyperlink
DA:1,1
DA:2,1
DA:3,1
DA:4,1
DA:6,1
DA:12,1
DA:64,1
DA:71,1
DA:73,1
DA:74,50
DA:75,250
DA:76,250
DA:79,1
DA:100,1
DA:117,1
DA:118,1
DA:119,1
DA:120,1
DA:123,1
DA:126,0
DA:127,0
DA:129,0
DA:131,0
DA:132,0
DA:134,0
DA:136,0
DA:137,0
DA:138,0
DA:140,0
DA:150,1
DA:151,0
DA:156,0
DA:157,0
DA:158,0
DA:159,0
DA:161,0
DA:163,0
DA:164,0
DA:165,0
DA:166,0
DA:168,0
DA:169,0
DA:170,0
DA:171,0
DA:173,0
DA:174,0
DA:175,0
DA:176,0
DA:177,0
DA:178,0
DA:179,0
DA:180,0
DA:184,0
DA:185,0
DA:186,0
DA:187,0
DA:189,0
DA:192,0
DA:195,0
DA:196,0
DA:197,0
DA:198,0
DA:200,0
DA:203,0
DA:204,0
DA:207,0
DA:208,0
DA:209,0
DA:210,0
DA:211,0
DA:212,0
DA:214,0
DA:225,1
DA:226,0
DA:229,0
DA:230,0
DA:231,0
DA:236,0
DA:237,0
DA:239,0
DA:240,0
DA:244,0
DA:245,0
DA:246,0
DA:247,0
DA:248,0
DA:250,0
DA:255,0
DA:256,0
DA:258,0
DA:259,0
DA:261,0
DA:262,0
DA:264,0
DA:266,0
DA:267,0
DA:268,0
DA:272,0
DA:273,0
DA:275,0
DA:276,0
DA:277,0
DA:279,0
DA:280,0
DA:281,0
DA:283,0
DA:284,0
DA:285,0
DA:288,0
DA:311,1
DA:312,0
DA:313,0
DA:314,0
DA:318,0
DA:319,0
DA:321,0
DA:323,0
DA:325,0
DA:329,0
DA:330,0
DA:334,0
DA:335,0
DA:336,0
DA:350,1
DA:351,2
DA:353,1
DA:354,2
DA:355,2
DA:356,2
DA:359,2
DA:360,18
DA:361,3
DA:364,2
DA:365,0
DA:366,0
DA:370,2
DA:371,2
DA:378,2
DA:379,2
DA:382,2
DA:385,2
DA:386,2
DA:388,2800
DA:389,200
DA:391,2800
DA:395,2
DA:396,2
DA:397,30
DA:398,28
DA:400,2
DA:403,2
DA:404,2
DA:405,198
DA:407,2
DA:413,2
DA:414,0
DA:416,2
DA:421,1
DA:422,1
DA:426,9
DA:434,1
DA:435,0
DA:439,1
DA:440,0
DA:441,0
DA:442,0
DA:445,0
DA:446,0
DA:449,0
DA:451,0
DA:453,0
DA:457,0
DA:459,0
DA:460,0
DA:461,0
DA:462,0
DA:464,0
DA:465,0
DA:466,0
DA:467,0
DA:468,0
DA:469,0
DA:471,0
DA:477,1
DA:478,0
DA:479,0
DA:480,0
DA:481,0
DA:482,0
DA:483,0
DA:486,0
DA:487,0
DA:489,0
DA:490,0
DA:496,1
DA:497,0
DA:498,0
DA:499,0
DA:501,0
DA:508,1
DA:509,0
DA:512,1
DA:513,0
DA:514,0
DA:515,0
DA:517,0
DA:520,1
DA:523,0
DA:524,0
DA:527,0
DA:530,0
DA:531,0
DA:534,0
DA:537,1
DA:538,0
DA:540,0
DA:546,1
DA:547,0
DA:548,0
DA:549,0
DA:550,0
DA:552,0
DA:557,0
DA:558,0
DA:560,0
DA:563,0
DA:565,0
DA:567,0
DA:570,0
DA:572,0
DA:573,0
DA:574,0
DA:579,0
DA:581,0
DA:582,0
DA:584,0
DA:585,0
DA:587,0
DA:589,0
DA:593,0
DA:594,0
DA:596,0
DA:600,0
DA:601,0
DA:608,1
DA:610,0
DA:611,0
DA:612,0
DA:615,0
DA:618,0
DA:619,0
DA:622,0
DA:625,0
DA:626,0
DA:628,0
DA:630,0
DA:634,1
DA:635,0
DA:636,0
DA:639,0
DA:644,0
DA:645,0
DA:647,0
DA:648,0
DA:649,0
DA:650,0
DA:652,0
DA:660,1
DA:661,0
DA:665,0
DA:666,0
DA:668,0
DA:669,0
DA:670,0
DA:672,0
DA:673,0
DA:675,0
DA:676,0
DA:677,0
DA:680,1
DA:681,1
DA:682,1
DA:683,1
DA:684,1
DA:685,1
DA:686,1
DA:687,1
DA:688,1
DA:689,1
DA:690,1
DA:691,1
LF:291
LH:80
BRDA:168,1,0,0
BRDA:168,1,1,0
BRDA:170,2,0,0
BRDA:170,2,1,0
BRDA:186,3,0,0
BRDA:186,3,1,0
BRDA:197,4,0,0
BRDA:197,4,1,0
BRDA:229,5,0,0
BRDA:229,5,1,0
BRDA:247,6,0,0
BRDA:247,6,1,0
BRDA:255,7,0,0
BRDA:255,7,1,0
BRDA:255,8,0,0
BRDA:255,8,1,0
BRDA:261,9,0,0
BRDA:261,9,1,0
BRDA:266,10,0,0
BRDA:266,10,1,0
BRDA:266,11,0,0
BRDA:266,11,1,0
BRDA:279,12,0,0
BRDA:279,12,1,0
BRDA:279,13,0,0
BRDA:279,13,1,0
BRDA:284,14,0,0
BRDA:284,14,1,0
BRDA:312,15,0,0
BRDA:312,15,1,0
BRDA:318,16,0,0
BRDA:318,16,1,0
BRDA:329,17,0,0
BRDA:329,17,1,0
BRDA:356,18,0,0
BRDA:356,18,1,2
BRDA:360,19,0,3
BRDA:360,19,1,15
BRDA:364,20,0,0
BRDA:364,20,1,2
BRDA:382,21,0,0
BRDA:382,21,1,2
BRDA:388,22,0,200
BRDA:388,22,1,2600
BRDA:397,23,0,28
BRDA:397,23,1,2
BRDA:413,24,0,0
BRDA:413,24,1,2
BRDA:442,25,0,0
BRDA:442,25,1,0
BRDA:443,26,0,0
BRDA:443,26,1,0
BRDA:446,27,0,0
BRDA:446,27,1,0
BRDA:447,28,0,0
BRDA:447,28,1,0
BRDA:459,29,0,0
BRDA:459,29,1,0
BRDA:461,30,0,0
BRDA:461,30,1,0
BRDA:468,31,0,0
BRDA:468,31,1,0
BRDA:482,32,0,0
BRDA:482,32,1,0
BRDA:515,33,0,0
BRDA:515,33,1,0
BRDA:527,34,0,0
BRDA:527,34,1,0
BRDA:557,35,0,0
BRDA:557,35,1,0
BRDA:563,36,0,0
BRDA:563,36,1,0
BRDA:563,37,0,0
BRDA:563,37,1,0
BRDA:567,38,0,0
BRDA:567,38,1,0
BRDA:570,39,0,0
BRDA:570,39,1,0
BRDA:582,40,0,0
BRDA:582,40,1,0
BRDA:582,41,0,0
BRDA:582,41,1,0
BRDA:582,41,2,0
BRDA:585,42,0,0
BRDA:585,42,1,0
BRDA:593,43,0,0
BRDA:593,43,1,0
BRDA:618,44,0,0
BRDA:618,44,1,0
BRDA:625,45,0,0
BRDA:625,45,1,0
BRDA:644,46,0,0
BRDA:644,46,1,0
BRDA:649,47,0,0
BRDA:649,47,1,0
BRDA:649,48,0,0
BRDA:649,48,1,0
BRDA:665,49,0,0
BRDA:665,49,1,0
BRDA:669,50,0,0
BRDA:669,50,1,0
BRDA:672,51,0,0
BRDA:672,51,1,0
BRF:103
BRH:10
end_of_record
TN:
SF:/home/me/code/Chesster/lichess.js
FN:25,(anonymous_1)
FN:31,makeRequest
FN:40,processRequest
FN:59,(anonymous_4)
FN:67,(anonymous_5)
FN:80,getPlayerByName
FN:92,(anonymous_7)
FN:96,getPlayerRating
FN:112,(anonymous_9)
FN:127,(anonymous_10)
FN:129,setPlayerRating
FNF:11
FNH:4
FNDA:1,(anonymous_1)
FNDA:0,makeRequest
FNDA:5,processRequest
FNDA:0,(anonymous_4)
FNDA:0,(anonymous_5)
FNDA:0,getPlayerByName
FNDA:1,(anonymous_7)
FNDA:0,getPlayerRating
FNDA:0,(anonymous_9)
FNDA:0,(anonymous_10)
FNDA:156,setPlayerRating
DA:4,1
DA:5,1
DA:6,1
DA:8,1
DA:9,1
DA:10,1
DA:25,1
DA:27,1
DA:29,1
DA:30,1
DA:31,1
DA:32,0
DA:33,0
DA:34,0
DA:36,0
DA:38,0
DA:40,1
DA:41,5
DA:43,5
DA:44,5
DA:45,0
DA:46,5
DA:47,0
DA:49,5
DA:50,0
DA:51,0
DA:52,0
DA:53,0
DA:54,0
DA:55,0
DA:57,0
DA:59,0
DA:60,0
DA:61,0
DA:62,0
DA:64,0
DA:66,0
DA:68,0
DA:69,0
DA:70,0
DA:73,5
DA:76,1
DA:77,1
DA:80,1
DA:81,0
DA:82,0
DA:92,1
DA:93,1
DA:94,1
DA:95,1
DA:96,1
DA:98,0
DA:99,0
DA:101,0
DA:104,0
DA:107,0
DA:108,0
DA:109,0
DA:111,0
DA:112,0
DA:113,0
DA:114,0
DA:115,0
DA:116,0
DA:117,0
DA:121,0
DA:123,0
DA:127,0
DA:129,1
DA:130,156
DA:132,1
DA:140,1
DA:141,1
DA:142,1
LF:74
LH:32
BRDA:33,1,0,0
BRDA:33,1,1,0
BRDA:44,2,0,0
BRDA:44,2,1,5
BRDA:46,3,0,0
BRDA:46,3,1,5
BRDA:49,4,0,0
BRDA:49,4,1,5
BRDA:54,5,0,0
BRDA:54,5,1,0
BRDA:60,6,0,0
BRDA:60,6,1,0
BRDA:104,7,0,0
BRDA:104,7,1,0
BRDA:104,8,0,0
BRDA:104,8,1,0
BRDA:104,8,2,0
BRDA:108,9,0,0
BRDA:108,9,1,0
BRF:19
BRH:3
end_of_record
TN:
SF:/home/me/code/Chesster/http.js
FN:7,fetchURL
FN:11,(anonymous_2)
FN:23,fetchURLIntoJSON
FN:25,(anonymous_4)
FN:33,(anonymous_5)
FNF:5
FNH:0
FNDA:0,fetchURL
FNDA:0,(anonymous_2)
FNDA:0,fetchURLIntoJSON
FNDA:0,(anonymous_4)
FNDA:0,(anonymous_5)
DA:4,1
DA:5,1
DA:7,1
DA:8,0
DA:9,0
DA:10,0
DA:11,0
DA:12,0
DA:14,0
DA:15,0
DA:18,0
DA:19,0
DA:21,0
DA:23,1
DA:24,0
DA:25,0
DA:26,0
DA:27,0
DA:28,0
DA:29,0
DA:31,0
DA:34,0
DA:36,0
DA:40,1
DA:41,1
LF:25
LH:6
BRDA:27,1,0,0
BRDA:27,1,1,0
BRF:2
BRH:0
end_of_record
